<?xml version="1.0" encoding="UTF-8"?>
<testsuite xmlns:xsi="http://www.w3.org/2001/XMLSchema-instance" xsi:noNamespaceSchemaLocation="https://maven.apache.org/surefire/maven-surefire-plugin/xsd/surefire-test-report-3.0.xsd" version="3.0" name="org.jgrapht.util.RadixSortTest" time="0.109" tests="4" errors="0" skipped="0" failures="0">
  <properties>
[...]
</properties>
  <testcase name="testEmptyArray" classname="org.jgrapht.util.RadixSortTest" time="0"/>
  <testcase name="testRandomHugeArray" classname="org.jgrapht.util.RadixSortTest" time="0.103"/>
  <testcase name="testSmallArray" classname="org.jgrapht.util.RadixSortTest" time="0"/>
  <testcase name="testNullArray" classname="org.jgrapht.util.RadixSortTest" time="0.001"/>
</testsuite>