<?xml version="1.0" encoding="UTF-8"?>
<testsuite xmlns:xsi="http://www.w3.org/2001/XMLSchema-instance" xsi:noNamespaceSchemaLocation="https://maven.apache.org/surefire/maven-surefire-plugin/xsd/surefire-test-report-3.0.xsd" version="3.0" name="org.jgrapht.util.DoublyLinkedListTest" time="0.04" tests="945" errors="0" skipped="0" failures="0">
  <properties>
[...]
</properties>
  <testcase name="testElement[List with size 0]" classname="org.jgrapht.util.DoublyLinkedListTest" time="0.007"/>
  <testcase name="testAddNode_nodeInOtherList_IllegalArgumentException[List with size 0]" classname="org.jgrapht.util.DoublyLinkedListTest" time="0"/>
  <testcase name="testIndexOfNode_nodeInOtherList_minusOne[List with size 0]" classname="org.jgrapht.util.DoublyLinkedListTest" time="0"/>
  <testcase name="testListIteratorRemove_clearListFromTheEnd_emptyList[List with size 0]" classname="org.jgrapht.util.DoublyLinkedListTest" time="0"/>
  <testcase name="testListIteratorSet_setTwice_listWithReplacedElement[List with size 0]" classname="org.jgrapht.util.DoublyLinkedListTest" time="0"/>
  <testcase name="testAddNodeBefore_nodeInOtherListBeforeNodeOfList_IllegalArgumentException[List with size 0]" classname="org.jgrapht.util.DoublyLinkedListTest" time="0"/>
  <testcase name="testIndexOfNode_nodeInList_indexOfNode[List with size 0]" classname="org.jgrapht.util.DoublyLinkedListTest" time="0"/>
  <testcase name="testAddElementBeforeNode_sucessorInList_ElementAdded[List with size 0]" classname="org.jgrapht.util.DoublyLinkedListTest" time="0"/>
  <testcase name="testAddNode_freeNode_nodeAddedToList[List with size 0]" classname="org.jgrapht.util.DoublyLinkedListTest" time="0"/>
  <testcase name="testAddInt_inTheMiddle[List with size 0]" classname="org.jgrapht.util.DoublyLinkedListTest" time="0"/>
  <testcase name="testPeekFirst[List with size 0]" classname="org.jgrapht.util.DoublyLinkedListTest" time="0"/>
  <testcase name="testOfferLast[List with size 0]" classname="org.jgrapht.util.DoublyLinkedListTest" time="0"/>
  <testcase name="testGetFirst[List with size 0]" classname="org.jgrapht.util.DoublyLinkedListTest" time="0"/>
  <testcase name="testRemoveNode_nodeNotInList_listUnchanged[List with size 0]" classname="org.jgrapht.util.DoublyLinkedListTest" time="0"/>
  <testcase name="testAddNodeLast_freeNode_nodeAddedToList[List with size 0]" classname="org.jgrapht.util.DoublyLinkedListTest" time="0"/>
  <testcase name="testAddLast[List with size 0]" classname="org.jgrapht.util.DoublyLinkedListTest" time="0"/>
  <testcase name="testListIteratorSet_setAfterAdd_IllegalstateException[List with size 0]" classname="org.jgrapht.util.DoublyLinkedListTest" time="0"/>
  <testcase name="testNodeOf_elementNotInList_null[List with size 0]" classname="org.jgrapht.util.DoublyLinkedListTest" time="0"/>
  <testcase name="testPop[List with size 0]" classname="org.jgrapht.util.DoublyLinkedListTest" time="0"/>
  <testcase name="testListIterator_concurrentAdd_ConcurrentModificationException[List with size 0]" classname="org.jgrapht.util.DoublyLinkedListTest" time="0"/>
  <testcase name="testAddInt_atIndexSize[List with size 0]" classname="org.jgrapht.util.DoublyLinkedListTest" time="0"/>
  <testcase name="testClear[List with size 0]" classname="org.jgrapht.util.DoublyLinkedListTest" time="0"/>
  <testcase name="testAddNodeLast_nodeInOtherList_IllegalArgumentException[List with size 0]" classname="org.jgrapht.util.DoublyLinkedListTest" time="0"/>
  <testcase name="testOffer[List with size 0]" classname="org.jgrapht.util.DoublyLinkedListTest" time="0"/>
  <testcase name="testPeek[List with size 0]" classname="org.jgrapht.util.DoublyLinkedListTest" time="0"/>
  <testcase name="testPoll[List with size 0]" classname="org.jgrapht.util.DoublyLinkedListTest" time="0"/>
  <testcase name="testPush[List with size 0]" classname="org.jgrapht.util.DoublyLinkedListTest" time="0"/>
  <testcase name="testSize[List with size 0]" classname="org.jgrapht.util.DoublyLinkedListTest" time="0"/>
  <testcase name="testIndexOfNode_nodeInNoList_minusOne[List with size 0]" classname="org.jgrapht.util.DoublyLinkedListTest" time="0"/>
  <testcase name="testGetNode_indexSize_IndexOutOfBoundsException[List with size 0]" classname="org.jgrapht.util.DoublyLinkedListTest" time="0"/>
  <testcase name="testContainsNode_nodeInOtherList_false[List with size 0]" classname="org.jgrapht.util.DoublyLinkedListTest" time="0"/>
  <testcase name="testRemoveFirst[List with size 0]" classname="org.jgrapht.util.DoublyLinkedListTest" time="0"/>
  <testcase name="testAddNode_nodeOfThisList_IllegalArgumentException[List with size 0]" classname="org.jgrapht.util.DoublyLinkedListTest" time="0"/>
  <testcase name="testListIteratorE[List with size 0]" classname="org.jgrapht.util.DoublyLinkedListTest" time="0"/>
  <testcase name="testRemoveNode_removeAllNodesInListFromFront_emptyList[List with size 0]" classname="org.jgrapht.util.DoublyLinkedListTest" time="0"/>
  <testcase name="testPrepend[List with size 0]" classname="org.jgrapht.util.DoublyLinkedListTest" time="0"/>
  <testcase name="testListIteratorInt_indexInTheMiddle_iteratorAtCorrectIndex[List with size 0]" classname="org.jgrapht.util.DoublyLinkedListTest" time="0"/>
  <testcase name="testOfferFirst[List with size 0]" classname="org.jgrapht.util.DoublyLinkedListTest" time="0"/>
  <testcase name="testCircularIterator[List with size 0]" classname="org.jgrapht.util.DoublyLinkedListTest" time="0"/>
  <testcase name="testDescendingIterator[List with size 0]" classname="org.jgrapht.util.DoublyLinkedListTest" time="0"/>
  <testcase name="testAddFirst[List with size 0]" classname="org.jgrapht.util.DoublyLinkedListTest" time="0"/>
  <testcase name="testListIterator_iterateBehindTail[List with size 0]" classname="org.jgrapht.util.DoublyLinkedListTest" time="0"/>
  <testcase name="testAddNodeBefore_freeNodeBeforeFreeNode_IllegalArgumentException[List with size 0]" classname="org.jgrapht.util.DoublyLinkedListTest" time="0"/>
  <testcase name="testAddElementFirst_nullValue_valueAdded[List with size 0]" classname="org.jgrapht.util.DoublyLinkedListTest" time="0"/>
  <testcase name="testGetLast[List with size 0]" classname="org.jgrapht.util.DoublyLinkedListTest" time="0"/>
  <testcase name="testGetNode[List with size 0]" classname="org.jgrapht.util.DoublyLinkedListTest" time="0"/>
  <testcase name="testAddNodeBefore_freeNodeBeforeNodeInList_nodeAddedToList[List with size 0]" classname="org.jgrapht.util.DoublyLinkedListTest" time="0"/>
  <testcase name="testRemoveInt_atIndex0[List with size 0]" classname="org.jgrapht.util.DoublyLinkedListTest" time="0"/>
  <testcase name="testRemoveInt_inTheMiddle[List with size 0]" classname="org.jgrapht.util.DoublyLinkedListTest" time="0"/>
  <testcase name="testListIteratorNext_iterateForwardTroughCompleteList_ListNodesInOrder[List with size 0]" classname="org.jgrapht.util.DoublyLinkedListTest" time="0"/>
  <testcase name="testReverseCircularIterator[List with size 0]" classname="org.jgrapht.util.DoublyLinkedListTest" time="0.001"/>
  <testcase name="testListIteratorSet_replaceElementAtFront_listWithReplacedElement[List with size 0]" classname="org.jgrapht.util.DoublyLinkedListTest" time="0"/>
  <testcase name="testListIteratorPrevious_iterateBackwardTroughCompleteList_ListNodesInOrder[List with size 0]" classname="org.jgrapht.util.DoublyLinkedListTest" time="0"/>
  <testcase name="testListIteratorRemove_clearListFromTheFront_emptyList[List with size 0]" classname="org.jgrapht.util.DoublyLinkedListTest" time="0"/>
  <testcase name="testGetLastNode[List with size 0]" classname="org.jgrapht.util.DoublyLinkedListTest" time="0"/>
  <testcase name="testListIteratorSet_replaceElementInAtEnd_listWithReplacedElement[List with size 0]" classname="org.jgrapht.util.DoublyLinkedListTest" time="0"/>
  <testcase name="testListIteratorRemove_notMovedListIterator_IllegalStateException[List with size 0]" classname="org.jgrapht.util.DoublyLinkedListTest" time="0"/>
  <testcase name="testRemoveInt_atIndexSizeMinusOne[List with size 0]" classname="org.jgrapht.util.DoublyLinkedListTest" time="0"/>
  <testcase name="testListIteratorSet_setElementWithSubsequentRemove_listWithReplacedElement[List with size 0]" classname="org.jgrapht.util.DoublyLinkedListTest" time="0"/>
  <testcase name="testAddElementLast[List with size 0]" classname="org.jgrapht.util.DoublyLinkedListTest" time="0"/>
  <testcase name="testAddNodeBefore_nodeInThisListBeforeNodeOfList_IllegalArgumentException[List with size 0]" classname="org.jgrapht.util.DoublyLinkedListTest" time="0"/>
  <testcase name="testContainsNode_nodeInNoList_false[List with size 0]" classname="org.jgrapht.util.DoublyLinkedListTest" time="0"/>
  <testcase name="testRemoveNode_nodeInList_nodeRemoved[List with size 0]" classname="org.jgrapht.util.DoublyLinkedListTest" time="0"/>
  <testcase name="testAddNodeBefore_freeNodeBeforeNodeInOtherList_IllegalArgumentException[List with size 0]" classname="org.jgrapht.util.DoublyLinkedListTest" time="0.001"/>
  <testcase name="testRemoveLast[List with size 0]" classname="org.jgrapht.util.DoublyLinkedListTest" time="0"/>
  <testcase name="testListIteratorSet_setAfterRemove_IllegalstateException[List with size 0]" classname="org.jgrapht.util.DoublyLinkedListTest" time="0"/>
  <testcase name="testPollFirst[List with size 0]" classname="org.jgrapht.util.DoublyLinkedListTest" time="0"/>
  <testcase name="testListIteratorSet_NotMovedListIterator_IllegalstateException[List with size 0]" classname="org.jgrapht.util.DoublyLinkedListTest" time="0"/>
  <testcase name="testAddInt_atIndex0[List with size 0]" classname="org.jgrapht.util.DoublyLinkedListTest" time="0"/>
  <testcase name="testMoveFrom[List with size 0]" classname="org.jgrapht.util.DoublyLinkedListTest" time="0"/>
  <testcase name="testRemoveNode_removeAllNodesInListFromMiddle_emptyList[List with size 0]" classname="org.jgrapht.util.DoublyLinkedListTest" time="0"/>
  <testcase name="testListIteratorAdd_addElementBeforeEnd_listWithAdditionalElements[List with size 0]" classname="org.jgrapht.util.DoublyLinkedListTest" time="0"/>
  <testcase name="testGetNode_indexNegative_IndexOutOfBoundsException[List with size 0]" classname="org.jgrapht.util.DoublyLinkedListTest" time="0"/>
  <testcase name="testPeekLast[List with size 0]" classname="org.jgrapht.util.DoublyLinkedListTest" time="0"/>
  <testcase name="testListIteratorRemove_removeTwiceAfterNext_IllegalStateException[List with size 0]" classname="org.jgrapht.util.DoublyLinkedListTest" time="0"/>
  <testcase name="testRemoveFirstOccurrence[List with size 0]" classname="org.jgrapht.util.DoublyLinkedListTest" time="0"/>
  <testcase name="testNodeOf_elementInList_nodeOfElement[List with size 0]" classname="org.jgrapht.util.DoublyLinkedListTest" time="0"/>
  <testcase name="testListIterator_concurrentRemove_ConcurrentModificationException[List with size 0]" classname="org.jgrapht.util.DoublyLinkedListTest" time="0"/>
  <testcase name="testRemoveLastOccurrence[List with size 0]" classname="org.jgrapht.util.DoublyLinkedListTest" time="0.001"/>
  <testcase name="testListIteratorRemove_removeAfterAdd_IllegalStateException[List with size 0]" classname="org.jgrapht.util.DoublyLinkedListTest" time="0"/>
  <testcase name="testLastNodeOf[List with size 0]" classname="org.jgrapht.util.DoublyLinkedListTest" time="0"/>
  <testcase name="testListIteratorAdd_addElementsInTheMiddle_listWithAdditionalElements[List with size 0]" classname="org.jgrapht.util.DoublyLinkedListTest" time="0"/>
  <testcase name="testGetFirstNode[List with size 0]" classname="org.jgrapht.util.DoublyLinkedListTest" time="0"/>
  <testcase name="testAppend[List with size 0]" classname="org.jgrapht.util.DoublyLinkedListTest" time="0"/>
  <testcase name="testPollLast[List with size 0]" classname="org.jgrapht.util.DoublyLinkedListTest" time="0"/>
  <testcase name="testGetInt[List with size 0]" classname="org.jgrapht.util.DoublyLinkedListTest" time="0"/>
  <testcase name="testAddNodeFirst_nodeInOtherList_IllegalArgumentException[List with size 0]" classname="org.jgrapht.util.DoublyLinkedListTest" time="0"/>
  <testcase name="testInvert[List with size 0]" classname="org.jgrapht.util.DoublyLinkedListTest" time="0"/>
  <testcase name="testAddElementBeforeNode_sucessorInNoList_IllegalStateException[List with size 0]" classname="org.jgrapht.util.DoublyLinkedListTest" time="0"/>
  <testcase name="testListIterator_iterateBeforeHead[List with size 0]" classname="org.jgrapht.util.DoublyLinkedListTest" time="0"/>
  <testcase name="testListIteratorSet_replaceElementInTheMiddle_listWithReplacedElement[List with size 0]" classname="org.jgrapht.util.DoublyLinkedListTest" time="0"/>
  <testcase name="testListIteratorRemove_clearListFromTheMiddle_emptyList[List with size 0]" classname="org.jgrapht.util.DoublyLinkedListTest" time="0"/>
  <testcase name="testContainsNode_nodeInList_true[List with size 0]" classname="org.jgrapht.util.DoublyLinkedListTest" time="0"/>
  <testcase name="testAddNodeFirst_nodeOfThisList_IllegalArgumentException[List with size 0]" classname="org.jgrapht.util.DoublyLinkedListTest" time="0.001"/>
  <testcase name="testIsEmpty[List with size 0]" classname="org.jgrapht.util.DoublyLinkedListTest" time="0"/>
  <testcase name="testAddNodeFirst_freeNode_nodeAddedToList[List with size 0]" classname="org.jgrapht.util.DoublyLinkedListTest" time="0"/>
  <testcase name="testRemove[List with size 0]" classname="org.jgrapht.util.DoublyLinkedListTest" time="0"/>
  <testcase name="testAddElementBeforeNode_sucessorInOtherList_IllegalStateException[List with size 0]" classname="org.jgrapht.util.DoublyLinkedListTest" time="0"/>
  <testcase name="testAddNodeLast_nodeOfThisList_IllegalArgumentException[List with size 0]" classname="org.jgrapht.util.DoublyLinkedListTest" time="0"/>
  <testcase name="testListIteratorAdd_addElementsAtFront_listWithAdditionalElements[List with size 0]" classname="org.jgrapht.util.DoublyLinkedListTest" time="0"/>
  <testcase name="testIterator[List with size 0]" classname="org.jgrapht.util.DoublyLinkedListTest" time="0"/>
  <testcase name="testListIteratorNextPrevious_forwardBackwardPattern_correctElements[List with size 0]" classname="org.jgrapht.util.DoublyLinkedListTest" time="0"/>
  <testcase name="testRemoveNode_removeAllNodesInListFromEnd_emptyList[List with size 0]" classname="org.jgrapht.util.DoublyLinkedListTest" time="0"/>
  <testcase name="testListIteratorAdd_addElementsAtEnd_listWithAdditionalElements[List with size 0]" classname="org.jgrapht.util.DoublyLinkedListTest" time="0"/>
  <testcase name="testAddElementFirst_nonNullValue_valueAdded[List with size 0]" classname="org.jgrapht.util.DoublyLinkedListTest" time="0"/>
  <testcase name="testElement[List with size 1]" classname="org.jgrapht.util.DoublyLinkedListTest" time="0"/>
  <testcase name="testAddNode_nodeInOtherList_IllegalArgumentException[List with size 1]" classname="org.jgrapht.util.DoublyLinkedListTest" time="0"/>
  <testcase name="testIndexOfNode_nodeInOtherList_minusOne[List with size 1]" classname="org.jgrapht.util.DoublyLinkedListTest" time="0"/>
  <testcase name="testListIteratorRemove_clearListFromTheEnd_emptyList[List with size 1]" classname="org.jgrapht.util.DoublyLinkedListTest" time="0"/>
  <testcase name="testListIteratorSet_setTwice_listWithReplacedElement[List with size 1]" classname="org.jgrapht.util.DoublyLinkedListTest" time="0"/>
  <testcase name="testAddNodeBefore_nodeInOtherListBeforeNodeOfList_IllegalArgumentException[List with size 1]" classname="org.jgrapht.util.DoublyLinkedListTest" time="0"/>
  <testcase name="testIndexOfNode_nodeInList_indexOfNode[List with size 1]" classname="org.jgrapht.util.DoublyLinkedListTest" time="0"/>
  <testcase name="testAddElementBeforeNode_sucessorInList_ElementAdded[List with size 1]" classname="org.jgrapht.util.DoublyLinkedListTest" time="0"/>
  <testcase name="testAddNode_freeNode_nodeAddedToList[List with size 1]" classname="org.jgrapht.util.DoublyLinkedListTest" time="0"/>
  <testcase name="testAddInt_inTheMiddle[List with size 1]" classname="org.jgrapht.util.DoublyLinkedListTest" time="0"/>
  <testcase name="testPeekFirst[List with size 1]" classname="org.jgrapht.util.DoublyLinkedListTest" time="0"/>
  <testcase name="testOfferLast[List with size 1]" classname="org.jgrapht.util.DoublyLinkedListTest" time="0"/>
  <testcase name="testGetFirst[List with size 1]" classname="org.jgrapht.util.DoublyLinkedListTest" time="0"/>
  <testcase name="testRemoveNode_nodeNotInList_listUnchanged[List with size 1]" classname="org.jgrapht.util.DoublyLinkedListTest" time="0"/>
  <testcase name="testAddNodeLast_freeNode_nodeAddedToList[List with size 1]" classname="org.jgrapht.util.DoublyLinkedListTest" time="0"/>
  <testcase name="testAddLast[List with size 1]" classname="org.jgrapht.util.DoublyLinkedListTest" time="0"/>
  <testcase name="testListIteratorSet_setAfterAdd_IllegalstateException[List with size 1]" classname="org.jgrapht.util.DoublyLinkedListTest" time="0.001"/>
  <testcase name="testNodeOf_elementNotInList_null[List with size 1]" classname="org.jgrapht.util.DoublyLinkedListTest" time="0"/>
  <testcase name="testPop[List with size 1]" classname="org.jgrapht.util.DoublyLinkedListTest" time="0"/>
  <testcase name="testListIterator_concurrentAdd_ConcurrentModificationException[List with size 1]" classname="org.jgrapht.util.DoublyLinkedListTest" time="0"/>
  <testcase name="testAddInt_atIndexSize[List with size 1]" classname="org.jgrapht.util.DoublyLinkedListTest" time="0"/>
  <testcase name="testClear[List with size 1]" classname="org.jgrapht.util.DoublyLinkedListTest" time="0"/>
  <testcase name="testAddNodeLast_nodeInOtherList_IllegalArgumentException[List with size 1]" classname="org.jgrapht.util.DoublyLinkedListTest" time="0.003"/>
  <testcase name="testOffer[List with size 1]" classname="org.jgrapht.util.DoublyLinkedListTest" time="0"/>
  <testcase name="testPeek[List with size 1]" classname="org.jgrapht.util.DoublyLinkedListTest" time="0"/>
  <testcase name="testPoll[List with size 1]" classname="org.jgrapht.util.DoublyLinkedListTest" time="0"/>
  <testcase name="testPush[List with size 1]" classname="org.jgrapht.util.DoublyLinkedListTest" time="0"/>
  <testcase name="testSize[List with size 1]" classname="org.jgrapht.util.DoublyLinkedListTest" time="0"/>
  <testcase name="testIndexOfNode_nodeInNoList_minusOne[List with size 1]" classname="org.jgrapht.util.DoublyLinkedListTest" time="0"/>
  <testcase name="testGetNode_indexSize_IndexOutOfBoundsException[List with size 1]" classname="org.jgrapht.util.DoublyLinkedListTest" time="0"/>
  <testcase name="testContainsNode_nodeInOtherList_false[List with size 1]" classname="org.jgrapht.util.DoublyLinkedListTest" time="0"/>
  <testcase name="testRemoveFirst[List with size 1]" classname="org.jgrapht.util.DoublyLinkedListTest" time="0"/>
  <testcase name="testAddNode_nodeOfThisList_IllegalArgumentException[List with size 1]" classname="org.jgrapht.util.DoublyLinkedListTest" time="0"/>
  <testcase name="testListIteratorE[List with size 1]" classname="org.jgrapht.util.DoublyLinkedListTest" time="0"/>
  <testcase name="testRemoveNode_removeAllNodesInListFromFront_emptyList[List with size 1]" classname="org.jgrapht.util.DoublyLinkedListTest" time="0"/>
  <testcase name="testPrepend[List with size 1]" classname="org.jgrapht.util.DoublyLinkedListTest" time="0"/>
  <testcase name="testListIteratorInt_indexInTheMiddle_iteratorAtCorrectIndex[List with size 1]" classname="org.jgrapht.util.DoublyLinkedListTest" time="0"/>
  <testcase name="testOfferFirst[List with size 1]" classname="org.jgrapht.util.DoublyLinkedListTest" time="0"/>
  <testcase name="testCircularIterator[List with size 1]" classname="org.jgrapht.util.DoublyLinkedListTest" time="0"/>
  <testcase name="testDescendingIterator[List with size 1]" classname="org.jgrapht.util.DoublyLinkedListTest" time="0"/>
  <testcase name="testAddFirst[List with size 1]" classname="org.jgrapht.util.DoublyLinkedListTest" time="0"/>
  <testcase name="testListIterator_iterateBehindTail[List with size 1]" classname="org.jgrapht.util.DoublyLinkedListTest" time="0"/>
  <testcase name="testAddNodeBefore_freeNodeBeforeFreeNode_IllegalArgumentException[List with size 1]" classname="org.jgrapht.util.DoublyLinkedListTest" time="0"/>
  <testcase name="testAddElementFirst_nullValue_valueAdded[List with size 1]" classname="org.jgrapht.util.DoublyLinkedListTest" time="0"/>
  <testcase name="testGetLast[List with size 1]" classname="org.jgrapht.util.DoublyLinkedListTest" time="0"/>
  <testcase name="testGetNode[List with size 1]" classname="org.jgrapht.util.DoublyLinkedListTest" time="0"/>
  <testcase name="testAddNodeBefore_freeNodeBeforeNodeInList_nodeAddedToList[List with size 1]" classname="org.jgrapht.util.DoublyLinkedListTest" time="0"/>
  <testcase name="testRemoveInt_atIndex0[List with size 1]" classname="org.jgrapht.util.DoublyLinkedListTest" time="0"/>
  <testcase name="testRemoveInt_inTheMiddle[List with size 1]" classname="org.jgrapht.util.DoublyLinkedListTest" time="0"/>
  <testcase name="testListIteratorNext_iterateForwardTroughCompleteList_ListNodesInOrder[List with size 1]" classname="org.jgrapht.util.DoublyLinkedListTest" time="0"/>
  <testcase name="testReverseCircularIterator[List with size 1]" classname="org.jgrapht.util.DoublyLinkedListTest" time="0"/>
  <testcase name="testListIteratorSet_replaceElementAtFront_listWithReplacedElement[List with size 1]" classname="org.jgrapht.util.DoublyLinkedListTest" time="0"/>
  <testcase name="testListIteratorPrevious_iterateBackwardTroughCompleteList_ListNodesInOrder[List with size 1]" classname="org.jgrapht.util.DoublyLinkedListTest" time="0"/>
  <testcase name="testListIteratorRemove_clearListFromTheFront_emptyList[List with size 1]" classname="org.jgrapht.util.DoublyLinkedListTest" time="0"/>
  <testcase name="testGetLastNode[List with size 1]" classname="org.jgrapht.util.DoublyLinkedListTest" time="0"/>
  <testcase name="testListIteratorSet_replaceElementInAtEnd_listWithReplacedElement[List with size 1]" classname="org.jgrapht.util.DoublyLinkedListTest" time="0"/>
  <testcase name="testListIteratorRemove_notMovedListIterator_IllegalStateException[List with size 1]" classname="org.jgrapht.util.DoublyLinkedListTest" time="0"/>
  <testcase name="testRemoveInt_atIndexSizeMinusOne[List with size 1]" classname="org.jgrapht.util.DoublyLinkedListTest" time="0"/>
  <testcase name="testListIteratorSet_setElementWithSubsequentRemove_listWithReplacedElement[List with size 1]" classname="org.jgrapht.util.DoublyLinkedListTest" time="0"/>
  <testcase name="testAddElementLast[List with size 1]" classname="org.jgrapht.util.DoublyLinkedListTest" time="0"/>
  <testcase name="testAddNodeBefore_nodeInThisListBeforeNodeOfList_IllegalArgumentException[List with size 1]" classname="org.jgrapht.util.DoublyLinkedListTest" time="0"/>
  <testcase name="testContainsNode_nodeInNoList_false[List with size 1]" classname="org.jgrapht.util.DoublyLinkedListTest" time="0"/>
  <testcase name="testRemoveNode_nodeInList_nodeRemoved[List with size 1]" classname="org.jgrapht.util.DoublyLinkedListTest" time="0"/>
  <testcase name="testAddNodeBefore_freeNodeBeforeNodeInOtherList_IllegalArgumentException[List with size 1]" classname="org.jgrapht.util.DoublyLinkedListTest" time="0"/>
  <testcase name="testRemoveLast[List with size 1]" classname="org.jgrapht.util.DoublyLinkedListTest" time="0"/>
  <testcase name="testListIteratorSet_setAfterRemove_IllegalstateException[List with size 1]" classname="org.jgrapht.util.DoublyLinkedListTest" time="0"/>
  <testcase name="testPollFirst[List with size 1]" classname="org.jgrapht.util.DoublyLinkedListTest" time="0"/>
  <testcase name="testListIteratorSet_NotMovedListIterator_IllegalstateException[List with size 1]" classname="org.jgrapht.util.DoublyLinkedListTest" time="0"/>
  <testcase name="testAddInt_atIndex0[List with size 1]" classname="org.jgrapht.util.DoublyLinkedListTest" time="0"/>
  <testcase name="testMoveFrom[List with size 1]" classname="org.jgrapht.util.DoublyLinkedListTest" time="0"/>
  <testcase name="testRemoveNode_removeAllNodesInListFromMiddle_emptyList[List with size 1]" classname="org.jgrapht.util.DoublyLinkedListTest" time="0"/>
  <testcase name="testListIteratorAdd_addElementBeforeEnd_listWithAdditionalElements[List with size 1]" classname="org.jgrapht.util.DoublyLinkedListTest" time="0"/>
  <testcase name="testGetNode_indexNegative_IndexOutOfBoundsException[List with size 1]" classname="org.jgrapht.util.DoublyLinkedListTest" time="0"/>
  <testcase name="testPeekLast[List with size 1]" classname="org.jgrapht.util.DoublyLinkedListTest" time="0"/>
  <testcase name="testListIteratorRemove_removeTwiceAfterNext_IllegalStateException[List with size 1]" classname="org.jgrapht.util.DoublyLinkedListTest" time="0"/>
  <testcase name="testRemoveFirstOccurrence[List with size 1]" classname="org.jgrapht.util.DoublyLinkedListTest" time="0"/>
  <testcase name="testNodeOf_elementInList_nodeOfElement[List with size 1]" classname="org.jgrapht.util.DoublyLinkedListTest" time="0"/>
  <testcase name="testListIterator_concurrentRemove_ConcurrentModificationException[List with size 1]" classname="org.jgrapht.util.DoublyLinkedListTest" time="0"/>
  <testcase name="testRemoveLastOccurrence[List with size 1]" classname="org.jgrapht.util.DoublyLinkedListTest" time="0"/>
  <testcase name="testListIteratorRemove_removeAfterAdd_IllegalStateException[List with size 1]" classname="org.jgrapht.util.DoublyLinkedListTest" time="0"/>
  <testcase name="testLastNodeOf[List with size 1]" classname="org.jgrapht.util.DoublyLinkedListTest" time="0"/>
  <testcase name="testListIteratorAdd_addElementsInTheMiddle_listWithAdditionalElements[List with size 1]" classname="org.jgrapht.util.DoublyLinkedListTest" time="0"/>
  <testcase name="testGetFirstNode[List with size 1]" classname="org.jgrapht.util.DoublyLinkedListTest" time="0"/>
  <testcase name="testAppend[List with size 1]" classname="org.jgrapht.util.DoublyLinkedListTest" time="0"/>
  <testcase name="testPollLast[List with size 1]" classname="org.jgrapht.util.DoublyLinkedListTest" time="0"/>
  <testcase name="testGetInt[List with size 1]" classname="org.jgrapht.util.DoublyLinkedListTest" time="0"/>
  <testcase name="testAddNodeFirst_nodeInOtherList_IllegalArgumentException[List with size 1]" classname="org.jgrapht.util.DoublyLinkedListTest" time="0"/>
  <testcase name="testInvert[List with size 1]" classname="org.jgrapht.util.DoublyLinkedListTest" time="0"/>
  <testcase name="testAddElementBeforeNode_sucessorInNoList_IllegalStateException[List with size 1]" classname="org.jgrapht.util.DoublyLinkedListTest" time="0"/>
  <testcase name="testListIterator_iterateBeforeHead[List with size 1]" classname="org.jgrapht.util.DoublyLinkedListTest" time="0"/>
  <testcase name="testListIteratorSet_replaceElementInTheMiddle_listWithReplacedElement[List with size 1]" classname="org.jgrapht.util.DoublyLinkedListTest" time="0"/>
  <testcase name="testListIteratorRemove_clearListFromTheMiddle_emptyList[List with size 1]" classname="org.jgrapht.util.DoublyLinkedListTest" time="0"/>
  <testcase name="testContainsNode_nodeInList_true[List with size 1]" classname="org.jgrapht.util.DoublyLinkedListTest" time="0"/>
  <testcase name="testAddNodeFirst_nodeOfThisList_IllegalArgumentException[List with size 1]" classname="org.jgrapht.util.DoublyLinkedListTest" time="0"/>
  <testcase name="testIsEmpty[List with size 1]" classname="org.jgrapht.util.DoublyLinkedListTest" time="0"/>
  <testcase name="testAddNodeFirst_freeNode_nodeAddedToList[List with size 1]" classname="org.jgrapht.util.DoublyLinkedListTest" time="0"/>
  <testcase name="testRemove[List with size 1]" classname="org.jgrapht.util.DoublyLinkedListTest" time="0"/>
  <testcase name="testAddElementBeforeNode_sucessorInOtherList_IllegalStateException[List with size 1]" classname="org.jgrapht.util.DoublyLinkedListTest" time="0"/>
  <testcase name="testAddNodeLast_nodeOfThisList_IllegalArgumentException[List with size 1]" classname="org.jgrapht.util.DoublyLinkedListTest" time="0"/>
  <testcase name="testListIteratorAdd_addElementsAtFront_listWithAdditionalElements[List with size 1]" classname="org.jgrapht.util.DoublyLinkedListTest" time="0"/>
  <testcase name="testIterator[List with size 1]" classname="org.jgrapht.util.DoublyLinkedListTest" time="0"/>
  <testcase name="testListIteratorNextPrevious_forwardBackwardPattern_correctElements[List with size 1]" classname="org.jgrapht.util.DoublyLinkedListTest" time="0"/>
  <testcase name="testRemoveNode_removeAllNodesInListFromEnd_emptyList[List with size 1]" classname="org.jgrapht.util.DoublyLinkedListTest" time="0"/>
  <testcase name="testListIteratorAdd_addElementsAtEnd_listWithAdditionalElements[List with size 1]" classname="org.jgrapht.util.DoublyLinkedListTest" time="0"/>
  <testcase name="testAddElementFirst_nonNullValue_valueAdded[List with size 1]" classname="org.jgrapht.util.DoublyLinkedListTest" time="0"/>
  <testcase name="testElement[List with size 2]" classname="org.jgrapht.util.DoublyLinkedListTest" time="0"/>
  <testcase name="testAddNode_nodeInOtherList_IllegalArgumentException[List with size 2]" classname="org.jgrapht.util.DoublyLinkedListTest" time="0.001"/>
  <testcase name="testIndexOfNode_nodeInOtherList_minusOne[List with size 2]" classname="org.jgrapht.util.DoublyLinkedListTest" time="0"/>
  <testcase name="testListIteratorRemove_clearListFromTheEnd_emptyList[List with size 2]" classname="org.jgrapht.util.DoublyLinkedListTest" time="0"/>
  <testcase name="testListIteratorSet_setTwice_listWithReplacedElement[List with size 2]" classname="org.jgrapht.util.DoublyLinkedListTest" time="0"/>
  <testcase name="testAddNodeBefore_nodeInOtherListBeforeNodeOfList_IllegalArgumentException[List with size 2]" classname="org.jgrapht.util.DoublyLinkedListTest" time="0"/>
  <testcase name="testIndexOfNode_nodeInList_indexOfNode[List with size 2]" classname="org.jgrapht.util.DoublyLinkedListTest" time="0"/>
  <testcase name="testAddElementBeforeNode_sucessorInList_ElementAdded[List with size 2]" classname="org.jgrapht.util.DoublyLinkedListTest" time="0"/>
  <testcase name="testAddNode_freeNode_nodeAddedToList[List with size 2]" classname="org.jgrapht.util.DoublyLinkedListTest" time="0"/>
  <testcase name="testAddInt_inTheMiddle[List with size 2]" classname="org.jgrapht.util.DoublyLinkedListTest" time="0"/>
  <testcase name="testPeekFirst[List with size 2]" classname="org.jgrapht.util.DoublyLinkedListTest" time="0"/>
  <testcase name="testOfferLast[List with size 2]" classname="org.jgrapht.util.DoublyLinkedListTest" time="0"/>
  <testcase name="testGetFirst[List with size 2]" classname="org.jgrapht.util.DoublyLinkedListTest" time="0"/>
  <testcase name="testRemoveNode_nodeNotInList_listUnchanged[List with size 2]" classname="org.jgrapht.util.DoublyLinkedListTest" time="0"/>
  <testcase name="testAddNodeLast_freeNode_nodeAddedToList[List with size 2]" classname="org.jgrapht.util.DoublyLinkedListTest" time="0"/>
  <testcase name="testAddLast[List with size 2]" classname="org.jgrapht.util.DoublyLinkedListTest" time="0"/>
  <testcase name="testListIteratorSet_setAfterAdd_IllegalstateException[List with size 2]" classname="org.jgrapht.util.DoublyLinkedListTest" time="0"/>
  <testcase name="testNodeOf_elementNotInList_null[List with size 2]" classname="org.jgrapht.util.DoublyLinkedListTest" time="0"/>
  <testcase name="testPop[List with size 2]" classname="org.jgrapht.util.DoublyLinkedListTest" time="0"/>
  <testcase name="testListIterator_concurrentAdd_ConcurrentModificationException[List with size 2]" classname="org.jgrapht.util.DoublyLinkedListTest" time="0.001"/>
  <testcase name="testAddInt_atIndexSize[List with size 2]" classname="org.jgrapht.util.DoublyLinkedListTest" time="0"/>
  <testcase name="testClear[List with size 2]" classname="org.jgrapht.util.DoublyLinkedListTest" time="0"/>
  <testcase name="testAddNodeLast_nodeInOtherList_IllegalArgumentException[List with size 2]" classname="org.jgrapht.util.DoublyLinkedListTest" time="0"/>
  <testcase name="testOffer[List with size 2]" classname="org.jgrapht.util.DoublyLinkedListTest" time="0"/>
  <testcase name="testPeek[List with size 2]" classname="org.jgrapht.util.DoublyLinkedListTest" time="0"/>
  <testcase name="testPoll[List with size 2]" classname="org.jgrapht.util.DoublyLinkedListTest" time="0"/>
  <testcase name="testPush[List with size 2]" classname="org.jgrapht.util.DoublyLinkedListTest" time="0"/>
  <testcase name="testSize[List with size 2]" classname="org.jgrapht.util.DoublyLinkedListTest" time="0"/>
  <testcase name="testIndexOfNode_nodeInNoList_minusOne[List with size 2]" classname="org.jgrapht.util.DoublyLinkedListTest" time="0"/>
  <testcase name="testGetNode_indexSize_IndexOutOfBoundsException[List with size 2]" classname="org.jgrapht.util.DoublyLinkedListTest" time="0"/>
  <testcase name="testContainsNode_nodeInOtherList_false[List with size 2]" classname="org.jgrapht.util.DoublyLinkedListTest" time="0"/>
  <testcase name="testRemoveFirst[List with size 2]" classname="org.jgrapht.util.DoublyLinkedListTest" time="0"/>
  <testcase name="testAddNode_nodeOfThisList_IllegalArgumentException[List with size 2]" classname="org.jgrapht.util.DoublyLinkedListTest" time="0"/>
  <testcase name="testListIteratorE[List with size 2]" classname="org.jgrapht.util.DoublyLinkedListTest" time="0"/>
  <testcase name="testRemoveNode_removeAllNodesInListFromFront_emptyList[List with size 2]" classname="org.jgrapht.util.DoublyLinkedListTest" time="0"/>
  <testcase name="testPrepend[List with size 2]" classname="org.jgrapht.util.DoublyLinkedListTest" time="0"/>
  <testcase name="testListIteratorInt_indexInTheMiddle_iteratorAtCorrectIndex[List with size 2]" classname="org.jgrapht.util.DoublyLinkedListTest" time="0"/>
  <testcase name="testOfferFirst[List with size 2]" classname="org.jgrapht.util.DoublyLinkedListTest" time="0"/>
  <testcase name="testCircularIterator[List with size 2]" classname="org.jgrapht.util.DoublyLinkedListTest" time="0"/>
  <testcase name="testDescendingIterator[List with size 2]" classname="org.jgrapht.util.DoublyLinkedListTest" time="0"/>
  <testcase name="testAddFirst[List with size 2]" classname="org.jgrapht.util.DoublyLinkedListTest" time="0"/>
  <testcase name="testListIterator_iterateBehindTail[List with size 2]" classname="org.jgrapht.util.DoublyLinkedListTest" time="0.003"/>
  <testcase name="testAddNodeBefore_freeNodeBeforeFreeNode_IllegalArgumentException[List with size 2]" classname="org.jgrapht.util.DoublyLinkedListTest" time="0"/>
  <testcase name="testAddElementFirst_nullValue_valueAdded[List with size 2]" classname="org.jgrapht.util.DoublyLinkedListTest" time="0"/>
  <testcase name="testGetLast[List with size 2]" classname="org.jgrapht.util.DoublyLinkedListTest" time="0"/>
  <testcase name="testGetNode[List with size 2]" classname="org.jgrapht.util.DoublyLinkedListTest" time="0"/>
  <testcase name="testAddNodeBefore_freeNodeBeforeNodeInList_nodeAddedToList[List with size 2]" classname="org.jgrapht.util.DoublyLinkedListTest" time="0"/>
  <testcase name="testRemoveInt_atIndex0[List with size 2]" classname="org.jgrapht.util.DoublyLinkedListTest" time="0"/>
  <testcase name="testRemoveInt_inTheMiddle[List with size 2]" classname="org.jgrapht.util.DoublyLinkedListTest" time="0"/>
  <testcase name="testListIteratorNext_iterateForwardTroughCompleteList_ListNodesInOrder[List with size 2]" classname="org.jgrapht.util.DoublyLinkedListTest" time="0"/>
  <testcase name="testReverseCircularIterator[List with size 2]" classname="org.jgrapht.util.DoublyLinkedListTest" time="0"/>
  <testcase name="testListIteratorSet_replaceElementAtFront_listWithReplacedElement[List with size 2]" classname="org.jgrapht.util.DoublyLinkedListTest" time="0"/>
  <testcase name="testListIteratorPrevious_iterateBackwardTroughCompleteList_ListNodesInOrder[List with size 2]" classname="org.jgrapht.util.DoublyLinkedListTest" time="0"/>
  <testcase name="testListIteratorRemove_clearListFromTheFront_emptyList[List with size 2]" classname="org.jgrapht.util.DoublyLinkedListTest" time="0"/>
  <testcase name="testGetLastNode[List with size 2]" classname="org.jgrapht.util.DoublyLinkedListTest" time="0"/>
  <testcase name="testListIteratorSet_replaceElementInAtEnd_listWithReplacedElement[List with size 2]" classname="org.jgrapht.util.DoublyLinkedListTest" time="0"/>
  <testcase name="testListIteratorRemove_notMovedListIterator_IllegalStateException[List with size 2]" classname="org.jgrapht.util.DoublyLinkedListTest" time="0"/>
  <testcase name="testRemoveInt_atIndexSizeMinusOne[List with size 2]" classname="org.jgrapht.util.DoublyLinkedListTest" time="0"/>
  <testcase name="testListIteratorSet_setElementWithSubsequentRemove_listWithReplacedElement[List with size 2]" classname="org.jgrapht.util.DoublyLinkedListTest" time="0"/>
  <testcase name="testAddElementLast[List with size 2]" classname="org.jgrapht.util.DoublyLinkedListTest" time="0"/>
  <testcase name="testAddNodeBefore_nodeInThisListBeforeNodeOfList_IllegalArgumentException[List with size 2]" classname="org.jgrapht.util.DoublyLinkedListTest" time="0"/>
  <testcase name="testContainsNode_nodeInNoList_false[List with size 2]" classname="org.jgrapht.util.DoublyLinkedListTest" time="0"/>
  <testcase name="testRemoveNode_nodeInList_nodeRemoved[List with size 2]" classname="org.jgrapht.util.DoublyLinkedListTest" time="0"/>
  <testcase name="testAddNodeBefore_freeNodeBeforeNodeInOtherList_IllegalArgumentException[List with size 2]" classname="org.jgrapht.util.DoublyLinkedListTest" time="0"/>
  <testcase name="testRemoveLast[List with size 2]" classname="org.jgrapht.util.DoublyLinkedListTest" time="0"/>
  <testcase name="testListIteratorSet_setAfterRemove_IllegalstateException[List with size 2]" classname="org.jgrapht.util.DoublyLinkedListTest" time="0"/>
  <testcase name="testPollFirst[List with size 2]" classname="org.jgrapht.util.DoublyLinkedListTest" time="0"/>
  <testcase name="testListIteratorSet_NotMovedListIterator_IllegalstateException[List with size 2]" classname="org.jgrapht.util.DoublyLinkedListTest" time="0"/>
  <testcase name="testAddInt_atIndex0[List with size 2]" classname="org.jgrapht.util.DoublyLinkedListTest" time="0"/>
  <testcase name="testMoveFrom[List with size 2]" classname="org.jgrapht.util.DoublyLinkedListTest" time="0"/>
  <testcase name="testRemoveNode_removeAllNodesInListFromMiddle_emptyList[List with size 2]" classname="org.jgrapht.util.DoublyLinkedListTest" time="0"/>
  <testcase name="testListIteratorAdd_addElementBeforeEnd_listWithAdditionalElements[List with size 2]" classname="org.jgrapht.util.DoublyLinkedListTest" time="0"/>
  <testcase name="testGetNode_indexNegative_IndexOutOfBoundsException[List with size 2]" classname="org.jgrapht.util.DoublyLinkedListTest" time="0"/>
  <testcase name="testPeekLast[List with size 2]" classname="org.jgrapht.util.DoublyLinkedListTest" time="0"/>
  <testcase name="testListIteratorRemove_removeTwiceAfterNext_IllegalStateException[List with size 2]" classname="org.jgrapht.util.DoublyLinkedListTest" time="0"/>
  <testcase name="testRemoveFirstOccurrence[List with size 2]" classname="org.jgrapht.util.DoublyLinkedListTest" time="0"/>
  <testcase name="testNodeOf_elementInList_nodeOfElement[List with size 2]" classname="org.jgrapht.util.DoublyLinkedListTest" time="0"/>
  <testcase name="testListIterator_concurrentRemove_ConcurrentModificationException[List with size 2]" classname="org.jgrapht.util.DoublyLinkedListTest" time="0"/>
  <testcase name="testRemoveLastOccurrence[List with size 2]" classname="org.jgrapht.util.DoublyLinkedListTest" time="0"/>
  <testcase name="testListIteratorRemove_removeAfterAdd_IllegalStateException[List with size 2]" classname="org.jgrapht.util.DoublyLinkedListTest" time="0"/>
  <testcase name="testLastNodeOf[List with size 2]" classname="org.jgrapht.util.DoublyLinkedListTest" time="0"/>
  <testcase name="testListIteratorAdd_addElementsInTheMiddle_listWithAdditionalElements[List with size 2]" classname="org.jgrapht.util.DoublyLinkedListTest" time="0"/>
  <testcase name="testGetFirstNode[List with size 2]" classname="org.jgrapht.util.DoublyLinkedListTest" time="0"/>
  <testcase name="testAppend[List with size 2]" classname="org.jgrapht.util.DoublyLinkedListTest" time="0"/>
  <testcase name="testPollLast[List with size 2]" classname="org.jgrapht.util.DoublyLinkedListTest" time="0"/>
  <testcase name="testGetInt[List with size 2]" classname="org.jgrapht.util.DoublyLinkedListTest" time="0"/>
  <testcase name="testAddNodeFirst_nodeInOtherList_IllegalArgumentException[List with size 2]" classname="org.jgrapht.util.DoublyLinkedListTest" time="0"/>
  <testcase name="testInvert[List with size 2]" classname="org.jgrapht.util.DoublyLinkedListTest" time="0"/>
  <testcase name="testAddElementBeforeNode_sucessorInNoList_IllegalStateException[List with size 2]" classname="org.jgrapht.util.DoublyLinkedListTest" time="0"/>
  <testcase name="testListIterator_iterateBeforeHead[List with size 2]" classname="org.jgrapht.util.DoublyLinkedListTest" time="0"/>
  <testcase name="testListIteratorSet_replaceElementInTheMiddle_listWithReplacedElement[List with size 2]" classname="org.jgrapht.util.DoublyLinkedListTest" time="0"/>
  <testcase name="testListIteratorRemove_clearListFromTheMiddle_emptyList[List with size 2]" classname="org.jgrapht.util.DoublyLinkedListTest" time="0"/>
  <testcase name="testContainsNode_nodeInList_true[List with size 2]" classname="org.jgrapht.util.DoublyLinkedListTest" time="0"/>
  <testcase name="testAddNodeFirst_nodeOfThisList_IllegalArgumentException[List with size 2]" classname="org.jgrapht.util.DoublyLinkedListTest" time="0"/>
  <testcase name="testIsEmpty[List with size 2]" classname="org.jgrapht.util.DoublyLinkedListTest" time="0"/>
  <testcase name="testAddNodeFirst_freeNode_nodeAddedToList[List with size 2]" classname="org.jgrapht.util.DoublyLinkedListTest" time="0"/>
  <testcase name="testRemove[List with size 2]" classname="org.jgrapht.util.DoublyLinkedListTest" time="0"/>
  <testcase name="testAddElementBeforeNode_sucessorInOtherList_IllegalStateException[List with size 2]" classname="org.jgrapht.util.DoublyLinkedListTest" time="0"/>
  <testcase name="testAddNodeLast_nodeOfThisList_IllegalArgumentException[List with size 2]" classname="org.jgrapht.util.DoublyLinkedListTest" time="0"/>
  <testcase name="testListIteratorAdd_addElementsAtFront_listWithAdditionalElements[List with size 2]" classname="org.jgrapht.util.DoublyLinkedListTest" time="0"/>
  <testcase name="testIterator[List with size 2]" classname="org.jgrapht.util.DoublyLinkedListTest" time="0"/>
  <testcase name="testListIteratorNextPrevious_forwardBackwardPattern_correctElements[List with size 2]" classname="org.jgrapht.util.DoublyLinkedListTest" time="0"/>
  <testcase name="testRemoveNode_removeAllNodesInListFromEnd_emptyList[List with size 2]" classname="org.jgrapht.util.DoublyLinkedListTest" time="0"/>
  <testcase name="testListIteratorAdd_addElementsAtEnd_listWithAdditionalElements[List with size 2]" classname="org.jgrapht.util.DoublyLinkedListTest" time="0"/>
  <testcase name="testAddElementFirst_nonNullValue_valueAdded[List with size 2]" classname="org.jgrapht.util.DoublyLinkedListTest" time="0"/>
  <testcase name="testElement[List with size 3]" classname="org.jgrapht.util.DoublyLinkedListTest" time="0"/>
  <testcase name="testAddNode_nodeInOtherList_IllegalArgumentException[List with size 3]" classname="org.jgrapht.util.DoublyLinkedListTest" time="0"/>
  <testcase name="testIndexOfNode_nodeInOtherList_minusOne[List with size 3]" classname="org.jgrapht.util.DoublyLinkedListTest" time="0"/>
  <testcase name="testListIteratorRemove_clearListFromTheEnd_emptyList[List with size 3]" classname="org.jgrapht.util.DoublyLinkedListTest" time="0"/>
  <testcase name="testListIteratorSet_setTwice_listWithReplacedElement[List with size 3]" classname="org.jgrapht.util.DoublyLinkedListTest" time="0"/>
  <testcase name="testAddNodeBefore_nodeInOtherListBeforeNodeOfList_IllegalArgumentException[List with size 3]" classname="org.jgrapht.util.DoublyLinkedListTest" time="0"/>
  <testcase name="testIndexOfNode_nodeInList_indexOfNode[List with size 3]" classname="org.jgrapht.util.DoublyLinkedListTest" time="0"/>
  <testcase name="testAddElementBeforeNode_sucessorInList_ElementAdded[List with size 3]" classname="org.jgrapht.util.DoublyLinkedListTest" time="0"/>
  <testcase name="testAddNode_freeNode_nodeAddedToList[List with size 3]" classname="org.jgrapht.util.DoublyLinkedListTest" time="0"/>
  <testcase name="testAddInt_inTheMiddle[List with size 3]" classname="org.jgrapht.util.DoublyLinkedListTest" time="0"/>
  <testcase name="testPeekFirst[List with size 3]" classname="org.jgrapht.util.DoublyLinkedListTest" time="0"/>
  <testcase name="testOfferLast[List with size 3]" classname="org.jgrapht.util.DoublyLinkedListTest" time="0"/>
  <testcase name="testGetFirst[List with size 3]" classname="org.jgrapht.util.DoublyLinkedListTest" time="0"/>
  <testcase name="testRemoveNode_nodeNotInList_listUnchanged[List with size 3]" classname="org.jgrapht.util.DoublyLinkedListTest" time="0.001"/>
  <testcase name="testAddNodeLast_freeNode_nodeAddedToList[List with size 3]" classname="org.jgrapht.util.DoublyLinkedListTest" time="0"/>
  <testcase name="testAddLast[List with size 3]" classname="org.jgrapht.util.DoublyLinkedListTest" time="0"/>
  <testcase name="testListIteratorSet_setAfterAdd_IllegalstateException[List with size 3]" classname="org.jgrapht.util.DoublyLinkedListTest" time="0"/>
  <testcase name="testNodeOf_elementNotInList_null[List with size 3]" classname="org.jgrapht.util.DoublyLinkedListTest" time="0"/>
  <testcase name="testPop[List with size 3]" classname="org.jgrapht.util.DoublyLinkedListTest" time="0"/>
  <testcase name="testListIterator_concurrentAdd_ConcurrentModificationException[List with size 3]" classname="org.jgrapht.util.DoublyLinkedListTest" time="0"/>
  <testcase name="testAddInt_atIndexSize[List with size 3]" classname="org.jgrapht.util.DoublyLinkedListTest" time="0"/>
  <testcase name="testClear[List with size 3]" classname="org.jgrapht.util.DoublyLinkedListTest" time="0"/>
  <testcase name="testAddNodeLast_nodeInOtherList_IllegalArgumentException[List with size 3]" classname="org.jgrapht.util.DoublyLinkedListTest" time="0"/>
  <testcase name="testOffer[List with size 3]" classname="org.jgrapht.util.DoublyLinkedListTest" time="0"/>
  <testcase name="testPeek[List with size 3]" classname="org.jgrapht.util.DoublyLinkedListTest" time="0"/>
  <testcase name="testPoll[List with size 3]" classname="org.jgrapht.util.DoublyLinkedListTest" time="0"/>
  <testcase name="testPush[List with size 3]" classname="org.jgrapht.util.DoublyLinkedListTest" time="0"/>
  <testcase name="testSize[List with size 3]" classname="org.jgrapht.util.DoublyLinkedListTest" time="0"/>
  <testcase name="testIndexOfNode_nodeInNoList_minusOne[List with size 3]" classname="org.jgrapht.util.DoublyLinkedListTest" time="0"/>
  <testcase name="testGetNode_indexSize_IndexOutOfBoundsException[List with size 3]" classname="org.jgrapht.util.DoublyLinkedListTest" time="0"/>
  <testcase name="testContainsNode_nodeInOtherList_false[List with size 3]" classname="org.jgrapht.util.DoublyLinkedListTest" time="0"/>
  <testcase name="testRemoveFirst[List with size 3]" classname="org.jgrapht.util.DoublyLinkedListTest" time="0"/>
  <testcase name="testAddNode_nodeOfThisList_IllegalArgumentException[List with size 3]" classname="org.jgrapht.util.DoublyLinkedListTest" time="0"/>
  <testcase name="testListIteratorE[List with size 3]" classname="org.jgrapht.util.DoublyLinkedListTest" time="0"/>
  <testcase name="testRemoveNode_removeAllNodesInListFromFront_emptyList[List with size 3]" classname="org.jgrapht.util.DoublyLinkedListTest" time="0"/>
  <testcase name="testPrepend[List with size 3]" classname="org.jgrapht.util.DoublyLinkedListTest" time="0"/>
  <testcase name="testListIteratorInt_indexInTheMiddle_iteratorAtCorrectIndex[List with size 3]" classname="org.jgrapht.util.DoublyLinkedListTest" time="0"/>
  <testcase name="testOfferFirst[List with size 3]" classname="org.jgrapht.util.DoublyLinkedListTest" time="0"/>
  <testcase name="testCircularIterator[List with size 3]" classname="org.jgrapht.util.DoublyLinkedListTest" time="0"/>
  <testcase name="testDescendingIterator[List with size 3]" classname="org.jgrapht.util.DoublyLinkedListTest" time="0"/>
  <testcase name="testAddFirst[List with size 3]" classname="org.jgrapht.util.DoublyLinkedListTest" time="0"/>
  <testcase name="testListIterator_iterateBehindTail[List with size 3]" classname="org.jgrapht.util.DoublyLinkedListTest" time="0"/>
  <testcase name="testAddNodeBefore_freeNodeBeforeFreeNode_IllegalArgumentException[List with size 3]" classname="org.jgrapht.util.DoublyLinkedListTest" time="0"/>
  <testcase name="testAddElementFirst_nullValue_valueAdded[List with size 3]" classname="org.jgrapht.util.DoublyLinkedListTest" time="0"/>
  <testcase name="testGetLast[List with size 3]" classname="org.jgrapht.util.DoublyLinkedListTest" time="0"/>
  <testcase name="testGetNode[List with size 3]" classname="org.jgrapht.util.DoublyLinkedListTest" time="0"/>
  <testcase name="testAddNodeBefore_freeNodeBeforeNodeInList_nodeAddedToList[List with size 3]" classname="org.jgrapht.util.DoublyLinkedListTest" time="0"/>
  <testcase name="testRemoveInt_atIndex0[List with size 3]" classname="org.jgrapht.util.DoublyLinkedListTest" time="0"/>
  <testcase name="testRemoveInt_inTheMiddle[List with size 3]" classname="org.jgrapht.util.DoublyLinkedListTest" time="0"/>
  <testcase name="testListIteratorNext_iterateForwardTroughCompleteList_ListNodesInOrder[List with size 3]" classname="org.jgrapht.util.DoublyLinkedListTest" time="0"/>
  <testcase name="testReverseCircularIterator[List with size 3]" classname="org.jgrapht.util.DoublyLinkedListTest" time="0"/>
  <testcase name="testListIteratorSet_replaceElementAtFront_listWithReplacedElement[List with size 3]" classname="org.jgrapht.util.DoublyLinkedListTest" time="0"/>
  <testcase name="testListIteratorPrevious_iterateBackwardTroughCompleteList_ListNodesInOrder[List with size 3]" classname="org.jgrapht.util.DoublyLinkedListTest" time="0"/>
  <testcase name="testListIteratorRemove_clearListFromTheFront_emptyList[List with size 3]" classname="org.jgrapht.util.DoublyLinkedListTest" time="0"/>
  <testcase name="testGetLastNode[List with size 3]" classname="org.jgrapht.util.DoublyLinkedListTest" time="0"/>
  <testcase name="testListIteratorSet_replaceElementInAtEnd_listWithReplacedElement[List with size 3]" classname="org.jgrapht.util.DoublyLinkedListTest" time="0"/>
  <testcase name="testListIteratorRemove_notMovedListIterator_IllegalStateException[List with size 3]" classname="org.jgrapht.util.DoublyLinkedListTest" time="0"/>
  <testcase name="testRemoveInt_atIndexSizeMinusOne[List with size 3]" classname="org.jgrapht.util.DoublyLinkedListTest" time="0"/>
  <testcase name="testListIteratorSet_setElementWithSubsequentRemove_listWithReplacedElement[List with size 3]" classname="org.jgrapht.util.DoublyLinkedListTest" time="0"/>
  <testcase name="testAddElementLast[List with size 3]" classname="org.jgrapht.util.DoublyLinkedListTest" time="0"/>
  <testcase name="testAddNodeBefore_nodeInThisListBeforeNodeOfList_IllegalArgumentException[List with size 3]" classname="org.jgrapht.util.DoublyLinkedListTest" time="0"/>
  <testcase name="testContainsNode_nodeInNoList_false[List with size 3]" classname="org.jgrapht.util.DoublyLinkedListTest" time="0"/>
  <testcase name="testRemoveNode_nodeInList_nodeRemoved[List with size 3]" classname="org.jgrapht.util.DoublyLinkedListTest" time="0"/>
  <testcase name="testAddNodeBefore_freeNodeBeforeNodeInOtherList_IllegalArgumentException[List with size 3]" classname="org.jgrapht.util.DoublyLinkedListTest" time="0"/>
  <testcase name="testRemoveLast[List with size 3]" classname="org.jgrapht.util.DoublyLinkedListTest" time="0"/>
  <testcase name="testListIteratorSet_setAfterRemove_IllegalstateException[List with size 3]" classname="org.jgrapht.util.DoublyLinkedListTest" time="0"/>
  <testcase name="testPollFirst[List with size 3]" classname="org.jgrapht.util.DoublyLinkedListTest" time="0"/>
  <testcase name="testListIteratorSet_NotMovedListIterator_IllegalstateException[List with size 3]" classname="org.jgrapht.util.DoublyLinkedListTest" time="0"/>
  <testcase name="testAddInt_atIndex0[List with size 3]" classname="org.jgrapht.util.DoublyLinkedListTest" time="0"/>
  <testcase name="testMoveFrom[List with size 3]" classname="org.jgrapht.util.DoublyLinkedListTest" time="0"/>
  <testcase name="testRemoveNode_removeAllNodesInListFromMiddle_emptyList[List with size 3]" classname="org.jgrapht.util.DoublyLinkedListTest" time="0"/>
  <testcase name="testListIteratorAdd_addElementBeforeEnd_listWithAdditionalElements[List with size 3]" classname="org.jgrapht.util.DoublyLinkedListTest" time="0"/>
  <testcase name="testGetNode_indexNegative_IndexOutOfBoundsException[List with size 3]" classname="org.jgrapht.util.DoublyLinkedListTest" time="0"/>
  <testcase name="testPeekLast[List with size 3]" classname="org.jgrapht.util.DoublyLinkedListTest" time="0"/>
  <testcase name="testListIteratorRemove_removeTwiceAfterNext_IllegalStateException[List with size 3]" classname="org.jgrapht.util.DoublyLinkedListTest" time="0"/>
  <testcase name="testRemoveFirstOccurrence[List with size 3]" classname="org.jgrapht.util.DoublyLinkedListTest" time="0"/>
  <testcase name="testNodeOf_elementInList_nodeOfElement[List with size 3]" classname="org.jgrapht.util.DoublyLinkedListTest" time="0"/>
  <testcase name="testListIterator_concurrentRemove_ConcurrentModificationException[List with size 3]" classname="org.jgrapht.util.DoublyLinkedListTest" time="0"/>
  <testcase name="testRemoveLastOccurrence[List with size 3]" classname="org.jgrapht.util.DoublyLinkedListTest" time="0"/>
  <testcase name="testListIteratorRemove_removeAfterAdd_IllegalStateException[List with size 3]" classname="org.jgrapht.util.DoublyLinkedListTest" time="0"/>
  <testcase name="testLastNodeOf[List with size 3]" classname="org.jgrapht.util.DoublyLinkedListTest" time="0"/>
  <testcase name="testListIteratorAdd_addElementsInTheMiddle_listWithAdditionalElements[List with size 3]" classname="org.jgrapht.util.DoublyLinkedListTest" time="0"/>
  <testcase name="testGetFirstNode[List with size 3]" classname="org.jgrapht.util.DoublyLinkedListTest" time="0"/>
  <testcase name="testAppend[List with size 3]" classname="org.jgrapht.util.DoublyLinkedListTest" time="0"/>
  <testcase name="testPollLast[List with size 3]" classname="org.jgrapht.util.DoublyLinkedListTest" time="0"/>
  <testcase name="testGetInt[List with size 3]" classname="org.jgrapht.util.DoublyLinkedListTest" time="0"/>
  <testcase name="testAddNodeFirst_nodeInOtherList_IllegalArgumentException[List with size 3]" classname="org.jgrapht.util.DoublyLinkedListTest" time="0"/>
  <testcase name="testInvert[List with size 3]" classname="org.jgrapht.util.DoublyLinkedListTest" time="0"/>
  <testcase name="testAddElementBeforeNode_sucessorInNoList_IllegalStateException[List with size 3]" classname="org.jgrapht.util.DoublyLinkedListTest" time="0"/>
  <testcase name="testListIterator_iterateBeforeHead[List with size 3]" classname="org.jgrapht.util.DoublyLinkedListTest" time="0"/>
  <testcase name="testListIteratorSet_replaceElementInTheMiddle_listWithReplacedElement[List with size 3]" classname="org.jgrapht.util.DoublyLinkedListTest" time="0"/>
  <testcase name="testListIteratorRemove_clearListFromTheMiddle_emptyList[List with size 3]" classname="org.jgrapht.util.DoublyLinkedListTest" time="0"/>
  <testcase name="testContainsNode_nodeInList_true[List with size 3]" classname="org.jgrapht.util.DoublyLinkedListTest" time="0"/>
  <testcase name="testAddNodeFirst_nodeOfThisList_IllegalArgumentException[List with size 3]" classname="org.jgrapht.util.DoublyLinkedListTest" time="0"/>
  <testcase name="testIsEmpty[List with size 3]" classname="org.jgrapht.util.DoublyLinkedListTest" time="0"/>
  <testcase name="testAddNodeFirst_freeNode_nodeAddedToList[List with size 3]" classname="org.jgrapht.util.DoublyLinkedListTest" time="0"/>
  <testcase name="testRemove[List with size 3]" classname="org.jgrapht.util.DoublyLinkedListTest" time="0"/>
  <testcase name="testAddElementBeforeNode_sucessorInOtherList_IllegalStateException[List with size 3]" classname="org.jgrapht.util.DoublyLinkedListTest" time="0"/>
  <testcase name="testAddNodeLast_nodeOfThisList_IllegalArgumentException[List with size 3]" classname="org.jgrapht.util.DoublyLinkedListTest" time="0"/>
  <testcase name="testListIteratorAdd_addElementsAtFront_listWithAdditionalElements[List with size 3]" classname="org.jgrapht.util.DoublyLinkedListTest" time="0"/>
  <testcase name="testIterator[List with size 3]" classname="org.jgrapht.util.DoublyLinkedListTest" time="0"/>
  <testcase name="testListIteratorNextPrevious_forwardBackwardPattern_correctElements[List with size 3]" classname="org.jgrapht.util.DoublyLinkedListTest" time="0"/>
  <testcase name="testRemoveNode_removeAllNodesInListFromEnd_emptyList[List with size 3]" classname="org.jgrapht.util.DoublyLinkedListTest" time="0"/>
  <testcase name="testListIteratorAdd_addElementsAtEnd_listWithAdditionalElements[List with size 3]" classname="org.jgrapht.util.DoublyLinkedListTest" time="0"/>
  <testcase name="testAddElementFirst_nonNullValue_valueAdded[List with size 3]" classname="org.jgrapht.util.DoublyLinkedListTest" time="0"/>
  <testcase name="testElement[List with size 4]" classname="org.jgrapht.util.DoublyLinkedListTest" time="0"/>
  <testcase name="testAddNode_nodeInOtherList_IllegalArgumentException[List with size 4]" classname="org.jgrapht.util.DoublyLinkedListTest" time="0"/>
  <testcase name="testIndexOfNode_nodeInOtherList_minusOne[List with size 4]" classname="org.jgrapht.util.DoublyLinkedListTest" time="0"/>
  <testcase name="testListIteratorRemove_clearListFromTheEnd_emptyList[List with size 4]" classname="org.jgrapht.util.DoublyLinkedListTest" time="0"/>
  <testcase name="testListIteratorSet_setTwice_listWithReplacedElement[List with size 4]" classname="org.jgrapht.util.DoublyLinkedListTest" time="0"/>
  <testcase name="testAddNodeBefore_nodeInOtherListBeforeNodeOfList_IllegalArgumentException[List with size 4]" classname="org.jgrapht.util.DoublyLinkedListTest" time="0"/>
  <testcase name="testIndexOfNode_nodeInList_indexOfNode[List with size 4]" classname="org.jgrapht.util.DoublyLinkedListTest" time="0"/>
  <testcase name="testAddElementBeforeNode_sucessorInList_ElementAdded[List with size 4]" classname="org.jgrapht.util.DoublyLinkedListTest" time="0"/>
  <testcase name="testAddNode_freeNode_nodeAddedToList[List with size 4]" classname="org.jgrapht.util.DoublyLinkedListTest" time="0"/>
  <testcase name="testAddInt_inTheMiddle[List with size 4]" classname="org.jgrapht.util.DoublyLinkedListTest" time="0"/>
  <testcase name="testPeekFirst[List with size 4]" classname="org.jgrapht.util.DoublyLinkedListTest" time="0"/>
  <testcase name="testOfferLast[List with size 4]" classname="org.jgrapht.util.DoublyLinkedListTest" time="0"/>
  <testcase name="testGetFirst[List with size 4]" classname="org.jgrapht.util.DoublyLinkedListTest" time="0"/>
  <testcase name="testRemoveNode_nodeNotInList_listUnchanged[List with size 4]" classname="org.jgrapht.util.DoublyLinkedListTest" time="0"/>
  <testcase name="testAddNodeLast_freeNode_nodeAddedToList[List with size 4]" classname="org.jgrapht.util.DoublyLinkedListTest" time="0"/>
  <testcase name="testAddLast[List with size 4]" classname="org.jgrapht.util.DoublyLinkedListTest" time="0"/>
  <testcase name="testListIteratorSet_setAfterAdd_IllegalstateException[List with size 4]" classname="org.jgrapht.util.DoublyLinkedListTest" time="0"/>
  <testcase name="testNodeOf_elementNotInList_null[List with size 4]" classname="org.jgrapht.util.DoublyLinkedListTest" time="0"/>
  <testcase name="testPop[List with size 4]" classname="org.jgrapht.util.DoublyLinkedListTest" time="0"/>
  <testcase name="testListIterator_concurrentAdd_ConcurrentModificationException[List with size 4]" classname="org.jgrapht.util.DoublyLinkedListTest" time="0"/>
  <testcase name="testAddInt_atIndexSize[List with size 4]" classname="org.jgrapht.util.DoublyLinkedListTest" time="0"/>
  <testcase name="testClear[List with size 4]" classname="org.jgrapht.util.DoublyLinkedListTest" time="0"/>
  <testcase name="testAddNodeLast_nodeInOtherList_IllegalArgumentException[List with size 4]" classname="org.jgrapht.util.DoublyLinkedListTest" time="0"/>
  <testcase name="testOffer[List with size 4]" classname="org.jgrapht.util.DoublyLinkedListTest" time="0"/>
  <testcase name="testPeek[List with size 4]" classname="org.jgrapht.util.DoublyLinkedListTest" time="0"/>
  <testcase name="testPoll[List with size 4]" classname="org.jgrapht.util.DoublyLinkedListTest" time="0"/>
  <testcase name="testPush[List with size 4]" classname="org.jgrapht.util.DoublyLinkedListTest" time="0"/>
  <testcase name="testSize[List with size 4]" classname="org.jgrapht.util.DoublyLinkedListTest" time="0"/>
  <testcase name="testIndexOfNode_nodeInNoList_minusOne[List with size 4]" classname="org.jgrapht.util.DoublyLinkedListTest" time="0"/>
  <testcase name="testGetNode_indexSize_IndexOutOfBoundsException[List with size 4]" classname="org.jgrapht.util.DoublyLinkedListTest" time="0"/>
  <testcase name="testContainsNode_nodeInOtherList_false[List with size 4]" classname="org.jgrapht.util.DoublyLinkedListTest" time="0"/>
  <testcase name="testRemoveFirst[List with size 4]" classname="org.jgrapht.util.DoublyLinkedListTest" time="0"/>
  <testcase name="testAddNode_nodeOfThisList_IllegalArgumentException[List with size 4]" classname="org.jgrapht.util.DoublyLinkedListTest" time="0"/>
  <testcase name="testListIteratorE[List with size 4]" classname="org.jgrapht.util.DoublyLinkedListTest" time="0"/>
  <testcase name="testRemoveNode_removeAllNodesInListFromFront_emptyList[List with size 4]" classname="org.jgrapht.util.DoublyLinkedListTest" time="0"/>
  <testcase name="testPrepend[List with size 4]" classname="org.jgrapht.util.DoublyLinkedListTest" time="0"/>
  <testcase name="testListIteratorInt_indexInTheMiddle_iteratorAtCorrectIndex[List with size 4]" classname="org.jgrapht.util.DoublyLinkedListTest" time="0"/>
  <testcase name="testOfferFirst[List with size 4]" classname="org.jgrapht.util.DoublyLinkedListTest" time="0"/>
  <testcase name="testCircularIterator[List with size 4]" classname="org.jgrapht.util.DoublyLinkedListTest" time="0"/>
  <testcase name="testDescendingIterator[List with size 4]" classname="org.jgrapht.util.DoublyLinkedListTest" time="0"/>
  <testcase name="testAddFirst[List with size 4]" classname="org.jgrapht.util.DoublyLinkedListTest" time="0"/>
  <testcase name="testListIterator_iterateBehindTail[List with size 4]" classname="org.jgrapht.util.DoublyLinkedListTest" time="0"/>
  <testcase name="testAddNodeBefore_freeNodeBeforeFreeNode_IllegalArgumentException[List with size 4]" classname="org.jgrapht.util.DoublyLinkedListTest" time="0"/>
  <testcase name="testAddElementFirst_nullValue_valueAdded[List with size 4]" classname="org.jgrapht.util.DoublyLinkedListTest" time="0"/>
  <testcase name="testGetLast[List with size 4]" classname="org.jgrapht.util.DoublyLinkedListTest" time="0"/>
  <testcase name="testGetNode[List with size 4]" classname="org.jgrapht.util.DoublyLinkedListTest" time="0"/>
  <testcase name="testAddNodeBefore_freeNodeBeforeNodeInList_nodeAddedToList[List with size 4]" classname="org.jgrapht.util.DoublyLinkedListTest" time="0"/>
  <testcase name="testRemoveInt_atIndex0[List with size 4]" classname="org.jgrapht.util.DoublyLinkedListTest" time="0"/>
  <testcase name="testRemoveInt_inTheMiddle[List with size 4]" classname="org.jgrapht.util.DoublyLinkedListTest" time="0"/>
  <testcase name="testListIteratorNext_iterateForwardTroughCompleteList_ListNodesInOrder[List with size 4]" classname="org.jgrapht.util.DoublyLinkedListTest" time="0"/>
  <testcase name="testReverseCircularIterator[List with size 4]" classname="org.jgrapht.util.DoublyLinkedListTest" time="0"/>
  <testcase name="testListIteratorSet_replaceElementAtFront_listWithReplacedElement[List with size 4]" classname="org.jgrapht.util.DoublyLinkedListTest" time="0"/>
  <testcase name="testListIteratorPrevious_iterateBackwardTroughCompleteList_ListNodesInOrder[List with size 4]" classname="org.jgrapht.util.DoublyLinkedListTest" time="0"/>
  <testcase name="testListIteratorRemove_clearListFromTheFront_emptyList[List with size 4]" classname="org.jgrapht.util.DoublyLinkedListTest" time="0"/>
  <testcase name="testGetLastNode[List with size 4]" classname="org.jgrapht.util.DoublyLinkedListTest" time="0"/>
  <testcase name="testListIteratorSet_replaceElementInAtEnd_listWithReplacedElement[List with size 4]" classname="org.jgrapht.util.DoublyLinkedListTest" time="0"/>
  <testcase name="testListIteratorRemove_notMovedListIterator_IllegalStateException[List with size 4]" classname="org.jgrapht.util.DoublyLinkedListTest" time="0"/>
  <testcase name="testRemoveInt_atIndexSizeMinusOne[List with size 4]" classname="org.jgrapht.util.DoublyLinkedListTest" time="0"/>
  <testcase name="testListIteratorSet_setElementWithSubsequentRemove_listWithReplacedElement[List with size 4]" classname="org.jgrapht.util.DoublyLinkedListTest" time="0"/>
  <testcase name="testAddElementLast[List with size 4]" classname="org.jgrapht.util.DoublyLinkedListTest" time="0"/>
  <testcase name="testAddNodeBefore_nodeInThisListBeforeNodeOfList_IllegalArgumentException[List with size 4]" classname="org.jgrapht.util.DoublyLinkedListTest" time="0"/>
  <testcase name="testContainsNode_nodeInNoList_false[List with size 4]" classname="org.jgrapht.util.DoublyLinkedListTest" time="0"/>
  <testcase name="testRemoveNode_nodeInList_nodeRemoved[List with size 4]" classname="org.jgrapht.util.DoublyLinkedListTest" time="0"/>
  <testcase name="testAddNodeBefore_freeNodeBeforeNodeInOtherList_IllegalArgumentException[List with size 4]" classname="org.jgrapht.util.DoublyLinkedListTest" time="0"/>
  <testcase name="testRemoveLast[List with size 4]" classname="org.jgrapht.util.DoublyLinkedListTest" time="0"/>
  <testcase name="testListIteratorSet_setAfterRemove_IllegalstateException[List with size 4]" classname="org.jgrapht.util.DoublyLinkedListTest" time="0"/>
  <testcase name="testPollFirst[List with size 4]" classname="org.jgrapht.util.DoublyLinkedListTest" time="0"/>
  <testcase name="testListIteratorSet_NotMovedListIterator_IllegalstateException[List with size 4]" classname="org.jgrapht.util.DoublyLinkedListTest" time="0"/>
  <testcase name="testAddInt_atIndex0[List with size 4]" classname="org.jgrapht.util.DoublyLinkedListTest" time="0"/>
  <testcase name="testMoveFrom[List with size 4]" classname="org.jgrapht.util.DoublyLinkedListTest" time="0"/>
  <testcase name="testRemoveNode_removeAllNodesInListFromMiddle_emptyList[List with size 4]" classname="org.jgrapht.util.DoublyLinkedListTest" time="0"/>
  <testcase name="testListIteratorAdd_addElementBeforeEnd_listWithAdditionalElements[List with size 4]" classname="org.jgrapht.util.DoublyLinkedListTest" time="0"/>
  <testcase name="testGetNode_indexNegative_IndexOutOfBoundsException[List with size 4]" classname="org.jgrapht.util.DoublyLinkedListTest" time="0"/>
  <testcase name="testPeekLast[List with size 4]" classname="org.jgrapht.util.DoublyLinkedListTest" time="0"/>
  <testcase name="testListIteratorRemove_removeTwiceAfterNext_IllegalStateException[List with size 4]" classname="org.jgrapht.util.DoublyLinkedListTest" time="0"/>
  <testcase name="testRemoveFirstOccurrence[List with size 4]" classname="org.jgrapht.util.DoublyLinkedListTest" time="0"/>
  <testcase name="testNodeOf_elementInList_nodeOfElement[List with size 4]" classname="org.jgrapht.util.DoublyLinkedListTest" time="0"/>
  <testcase name="testListIterator_concurrentRemove_ConcurrentModificationException[List with size 4]" classname="org.jgrapht.util.DoublyLinkedListTest" time="0"/>
  <testcase name="testRemoveLastOccurrence[List with size 4]" classname="org.jgrapht.util.DoublyLinkedListTest" time="0"/>
  <testcase name="testListIteratorRemove_removeAfterAdd_IllegalStateException[List with size 4]" classname="org.jgrapht.util.DoublyLinkedListTest" time="0"/>
  <testcase name="testLastNodeOf[List with size 4]" classname="org.jgrapht.util.DoublyLinkedListTest" time="0"/>
  <testcase name="testListIteratorAdd_addElementsInTheMiddle_listWithAdditionalElements[List with size 4]" classname="org.jgrapht.util.DoublyLinkedListTest" time="0"/>
  <testcase name="testGetFirstNode[List with size 4]" classname="org.jgrapht.util.DoublyLinkedListTest" time="0"/>
  <testcase name="testAppend[List with size 4]" classname="org.jgrapht.util.DoublyLinkedListTest" time="0"/>
  <testcase name="testPollLast[List with size 4]" classname="org.jgrapht.util.DoublyLinkedListTest" time="0"/>
  <testcase name="testGetInt[List with size 4]" classname="org.jgrapht.util.DoublyLinkedListTest" time="0"/>
  <testcase name="testAddNodeFirst_nodeInOtherList_IllegalArgumentException[List with size 4]" classname="org.jgrapht.util.DoublyLinkedListTest" time="0"/>
  <testcase name="testInvert[List with size 4]" classname="org.jgrapht.util.DoublyLinkedListTest" time="0"/>
  <testcase name="testAddElementBeforeNode_sucessorInNoList_IllegalStateException[List with size 4]" classname="org.jgrapht.util.DoublyLinkedListTest" time="0"/>
  <testcase name="testListIterator_iterateBeforeHead[List with size 4]" classname="org.jgrapht.util.DoublyLinkedListTest" time="0"/>
  <testcase name="testListIteratorSet_replaceElementInTheMiddle_listWithReplacedElement[List with size 4]" classname="org.jgrapht.util.DoublyLinkedListTest" time="0"/>
  <testcase name="testListIteratorRemove_clearListFromTheMiddle_emptyList[List with size 4]" classname="org.jgrapht.util.DoublyLinkedListTest" time="0"/>
  <testcase name="testContainsNode_nodeInList_true[List with size 4]" classname="org.jgrapht.util.DoublyLinkedListTest" time="0"/>
  <testcase name="testAddNodeFirst_nodeOfThisList_IllegalArgumentException[List with size 4]" classname="org.jgrapht.util.DoublyLinkedListTest" time="0"/>
  <testcase name="testIsEmpty[List with size 4]" classname="org.jgrapht.util.DoublyLinkedListTest" time="0"/>
  <testcase name="testAddNodeFirst_freeNode_nodeAddedToList[List with size 4]" classname="org.jgrapht.util.DoublyLinkedListTest" time="0"/>
  <testcase name="testRemove[List with size 4]" classname="org.jgrapht.util.DoublyLinkedListTest" time="0"/>
  <testcase name="testAddElementBeforeNode_sucessorInOtherList_IllegalStateException[List with size 4]" classname="org.jgrapht.util.DoublyLinkedListTest" time="0"/>
  <testcase name="testAddNodeLast_nodeOfThisList_IllegalArgumentException[List with size 4]" classname="org.jgrapht.util.DoublyLinkedListTest" time="0"/>
  <testcase name="testListIteratorAdd_addElementsAtFront_listWithAdditionalElements[List with size 4]" classname="org.jgrapht.util.DoublyLinkedListTest" time="0"/>
  <testcase name="testIterator[List with size 4]" classname="org.jgrapht.util.DoublyLinkedListTest" time="0"/>
  <testcase name="testListIteratorNextPrevious_forwardBackwardPattern_correctElements[List with size 4]" classname="org.jgrapht.util.DoublyLinkedListTest" time="0"/>
  <testcase name="testRemoveNode_removeAllNodesInListFromEnd_emptyList[List with size 4]" classname="org.jgrapht.util.DoublyLinkedListTest" time="0"/>
  <testcase name="testListIteratorAdd_addElementsAtEnd_listWithAdditionalElements[List with size 4]" classname="org.jgrapht.util.DoublyLinkedListTest" time="0.001"/>
  <testcase name="testAddElementFirst_nonNullValue_valueAdded[List with size 4]" classname="org.jgrapht.util.DoublyLinkedListTest" time="0"/>
  <testcase name="testElement[List with size 5]" classname="org.jgrapht.util.DoublyLinkedListTest" time="0"/>
  <testcase name="testAddNode_nodeInOtherList_IllegalArgumentException[List with size 5]" classname="org.jgrapht.util.DoublyLinkedListTest" time="0"/>
  <testcase name="testIndexOfNode_nodeInOtherList_minusOne[List with size 5]" classname="org.jgrapht.util.DoublyLinkedListTest" time="0"/>
  <testcase name="testListIteratorRemove_clearListFromTheEnd_emptyList[List with size 5]" classname="org.jgrapht.util.DoublyLinkedListTest" time="0"/>
  <testcase name="testListIteratorSet_setTwice_listWithReplacedElement[List with size 5]" classname="org.jgrapht.util.DoublyLinkedListTest" time="0"/>
  <testcase name="testAddNodeBefore_nodeInOtherListBeforeNodeOfList_IllegalArgumentException[List with size 5]" classname="org.jgrapht.util.DoublyLinkedListTest" time="0"/>
  <testcase name="testIndexOfNode_nodeInList_indexOfNode[List with size 5]" classname="org.jgrapht.util.DoublyLinkedListTest" time="0"/>
  <testcase name="testAddElementBeforeNode_sucessorInList_ElementAdded[List with size 5]" classname="org.jgrapht.util.DoublyLinkedListTest" time="0"/>
  <testcase name="testAddNode_freeNode_nodeAddedToList[List with size 5]" classname="org.jgrapht.util.DoublyLinkedListTest" time="0"/>
  <testcase name="testAddInt_inTheMiddle[List with size 5]" classname="org.jgrapht.util.DoublyLinkedListTest" time="0"/>
  <testcase name="testPeekFirst[List with size 5]" classname="org.jgrapht.util.DoublyLinkedListTest" time="0"/>
  <testcase name="testOfferLast[List with size 5]" classname="org.jgrapht.util.DoublyLinkedListTest" time="0"/>
  <testcase name="testGetFirst[List with size 5]" classname="org.jgrapht.util.DoublyLinkedListTest" time="0"/>
  <testcase name="testRemoveNode_nodeNotInList_listUnchanged[List with size 5]" classname="org.jgrapht.util.DoublyLinkedListTest" time="0"/>
  <testcase name="testAddNodeLast_freeNode_nodeAddedToList[List with size 5]" classname="org.jgrapht.util.DoublyLinkedListTest" time="0"/>
  <testcase name="testAddLast[List with size 5]" classname="org.jgrapht.util.DoublyLinkedListTest" time="0"/>
  <testcase name="testListIteratorSet_setAfterAdd_IllegalstateException[List with size 5]" classname="org.jgrapht.util.DoublyLinkedListTest" time="0"/>
  <testcase name="testNodeOf_elementNotInList_null[List with size 5]" classname="org.jgrapht.util.DoublyLinkedListTest" time="0"/>
  <testcase name="testPop[List with size 5]" classname="org.jgrapht.util.DoublyLinkedListTest" time="0"/>
  <testcase name="testListIterator_concurrentAdd_ConcurrentModificationException[List with size 5]" classname="org.jgrapht.util.DoublyLinkedListTest" time="0"/>
  <testcase name="testAddInt_atIndexSize[List with size 5]" classname="org.jgrapht.util.DoublyLinkedListTest" time="0"/>
  <testcase name="testClear[List with size 5]" classname="org.jgrapht.util.DoublyLinkedListTest" time="0"/>
  <testcase name="testAddNodeLast_nodeInOtherList_IllegalArgumentException[List with size 5]" classname="org.jgrapht.util.DoublyLinkedListTest" time="0"/>
  <testcase name="testOffer[List with size 5]" classname="org.jgrapht.util.DoublyLinkedListTest" time="0"/>
  <testcase name="testPeek[List with size 5]" classname="org.jgrapht.util.DoublyLinkedListTest" time="0"/>
  <testcase name="testPoll[List with size 5]" classname="org.jgrapht.util.DoublyLinkedListTest" time="0"/>
  <testcase name="testPush[List with size 5]" classname="org.jgrapht.util.DoublyLinkedListTest" time="0"/>
  <testcase name="testSize[List with size 5]" classname="org.jgrapht.util.DoublyLinkedListTest" time="0"/>
  <testcase name="testIndexOfNode_nodeInNoList_minusOne[List with size 5]" classname="org.jgrapht.util.DoublyLinkedListTest" time="0"/>
  <testcase name="testGetNode_indexSize_IndexOutOfBoundsException[List with size 5]" classname="org.jgrapht.util.DoublyLinkedListTest" time="0"/>
  <testcase name="testContainsNode_nodeInOtherList_false[List with size 5]" classname="org.jgrapht.util.DoublyLinkedListTest" time="0"/>
  <testcase name="testRemoveFirst[List with size 5]" classname="org.jgrapht.util.DoublyLinkedListTest" time="0"/>
  <testcase name="testAddNode_nodeOfThisList_IllegalArgumentException[List with size 5]" classname="org.jgrapht.util.DoublyLinkedListTest" time="0"/>
  <testcase name="testListIteratorE[List with size 5]" classname="org.jgrapht.util.DoublyLinkedListTest" time="0"/>
  <testcase name="testRemoveNode_removeAllNodesInListFromFront_emptyList[List with size 5]" classname="org.jgrapht.util.DoublyLinkedListTest" time="0.002"/>
  <testcase name="testPrepend[List with size 5]" classname="org.jgrapht.util.DoublyLinkedListTest" time="0"/>
  <testcase name="testListIteratorInt_indexInTheMiddle_iteratorAtCorrectIndex[List with size 5]" classname="org.jgrapht.util.DoublyLinkedListTest" time="0"/>
  <testcase name="testOfferFirst[List with size 5]" classname="org.jgrapht.util.DoublyLinkedListTest" time="0"/>
  <testcase name="testCircularIterator[List with size 5]" classname="org.jgrapht.util.DoublyLinkedListTest" time="0"/>
  <testcase name="testDescendingIterator[List with size 5]" classname="org.jgrapht.util.DoublyLinkedListTest" time="0"/>
  <testcase name="testAddFirst[List with size 5]" classname="org.jgrapht.util.DoublyLinkedListTest" time="0"/>
  <testcase name="testListIterator_iterateBehindTail[List with size 5]" classname="org.jgrapht.util.DoublyLinkedListTest" time="0"/>
  <testcase name="testAddNodeBefore_freeNodeBeforeFreeNode_IllegalArgumentException[List with size 5]" classname="org.jgrapht.util.DoublyLinkedListTest" time="0"/>
  <testcase name="testAddElementFirst_nullValue_valueAdded[List with size 5]" classname="org.jgrapht.util.DoublyLinkedListTest" time="0"/>
  <testcase name="testGetLast[List with size 5]" classname="org.jgrapht.util.DoublyLinkedListTest" time="0"/>
  <testcase name="testGetNode[List with size 5]" classname="org.jgrapht.util.DoublyLinkedListTest" time="0"/>
  <testcase name="testAddNodeBefore_freeNodeBeforeNodeInList_nodeAddedToList[List with size 5]" classname="org.jgrapht.util.DoublyLinkedListTest" time="0"/>
  <testcase name="testRemoveInt_atIndex0[List with size 5]" classname="org.jgrapht.util.DoublyLinkedListTest" time="0"/>
  <testcase name="testRemoveInt_inTheMiddle[List with size 5]" classname="org.jgrapht.util.DoublyLinkedListTest" time="0"/>
  <testcase name="testListIteratorNext_iterateForwardTroughCompleteList_ListNodesInOrder[List with size 5]" classname="org.jgrapht.util.DoublyLinkedListTest" time="0"/>
  <testcase name="testReverseCircularIterator[List with size 5]" classname="org.jgrapht.util.DoublyLinkedListTest" time="0"/>
  <testcase name="testListIteratorSet_replaceElementAtFront_listWithReplacedElement[List with size 5]" classname="org.jgrapht.util.DoublyLinkedListTest" time="0"/>
  <testcase name="testListIteratorPrevious_iterateBackwardTroughCompleteList_ListNodesInOrder[List with size 5]" classname="org.jgrapht.util.DoublyLinkedListTest" time="0"/>
  <testcase name="testListIteratorRemove_clearListFromTheFront_emptyList[List with size 5]" classname="org.jgrapht.util.DoublyLinkedListTest" time="0"/>
  <testcase name="testGetLastNode[List with size 5]" classname="org.jgrapht.util.DoublyLinkedListTest" time="0"/>
  <testcase name="testListIteratorSet_replaceElementInAtEnd_listWithReplacedElement[List with size 5]" classname="org.jgrapht.util.DoublyLinkedListTest" time="0"/>
  <testcase name="testListIteratorRemove_notMovedListIterator_IllegalStateException[List with size 5]" classname="org.jgrapht.util.DoublyLinkedListTest" time="0"/>
  <testcase name="testRemoveInt_atIndexSizeMinusOne[List with size 5]" classname="org.jgrapht.util.DoublyLinkedListTest" time="0"/>
  <testcase name="testListIteratorSet_setElementWithSubsequentRemove_listWithReplacedElement[List with size 5]" classname="org.jgrapht.util.DoublyLinkedListTest" time="0"/>
  <testcase name="testAddElementLast[List with size 5]" classname="org.jgrapht.util.DoublyLinkedListTest" time="0"/>
[...]
  <testcase name="testListIteratorSet_setAfterRemove_IllegalstateException[List with size 7]" classname="org.jgrapht.util.DoublyLinkedListTest" time="0"/>
  <testcase name="testPollFirst[List with size 7]" classname="org.jgrapht.util.DoublyLinkedListTest" time="0"/>
  <testcase name="testListIteratorSet_NotMovedListIterator_IllegalstateException[List with size 7]" classname="org.jgrapht.util.DoublyLinkedListTest" time="0"/>
  <testcase name="testAddInt_atIndex0[List with size 7]" classname="org.jgrapht.util.DoublyLinkedListTest" time="0"/>
  <testcase name="testMoveFrom[List with size 7]" classname="org.jgrapht.util.DoublyLinkedListTest" time="0"/>
  <testcase name="testRemoveNode_removeAllNodesInListFromMiddle_emptyList[List with size 7]" classname="org.jgrapht.util.DoublyLinkedListTest" time="0"/>
  <testcase name="testListIteratorAdd_addElementBeforeEnd_listWithAdditionalElements[List with size 7]" classname="org.jgrapht.util.DoublyLinkedListTest" time="0"/>
  <testcase name="testGetNode_indexNegative_IndexOutOfBoundsException[List with size 7]" classname="org.jgrapht.util.DoublyLinkedListTest" time="0"/>
  <testcase name="testPeekLast[List with size 7]" classname="org.jgrapht.util.DoublyLinkedListTest" time="0"/>
  <testcase name="testListIteratorRemove_removeTwiceAfterNext_IllegalStateException[List with size 7]" classname="org.jgrapht.util.DoublyLinkedListTest" time="0"/>
  <testcase name="testRemoveFirstOccurrence[List with size 7]" classname="org.jgrapht.util.DoublyLinkedListTest" time="0"/>
  <testcase name="testNodeOf_elementInList_nodeOfElement[List with size 7]" classname="org.jgrapht.util.DoublyLinkedListTest" time="0"/>
  <testcase name="testListIterator_concurrentRemove_ConcurrentModificationException[List with size 7]" classname="org.jgrapht.util.DoublyLinkedListTest" time="0"/>
  <testcase name="testRemoveLastOccurrence[List with size 7]" classname="org.jgrapht.util.DoublyLinkedListTest" time="0"/>
  <testcase name="testListIteratorRemove_removeAfterAdd_IllegalStateException[List with size 7]" classname="org.jgrapht.util.DoublyLinkedListTest" time="0"/>
  <testcase name="testLastNodeOf[List with size 7]" classname="org.jgrapht.util.DoublyLinkedListTest" time="0"/>
  <testcase name="testListIteratorAdd_addElementsInTheMiddle_listWithAdditionalElements[List with size 7]" classname="org.jgrapht.util.DoublyLinkedListTest" time="0"/>
  <testcase name="testGetFirstNode[List with size 7]" classname="org.jgrapht.util.DoublyLinkedListTest" time="0"/>
  <testcase name="testAppend[List with size 7]" classname="org.jgrapht.util.DoublyLinkedListTest" time="0"/>
  <testcase name="testPollLast[List with size 7]" classname="org.jgrapht.util.DoublyLinkedListTest" time="0"/>
  <testcase name="testGetInt[List with size 7]" classname="org.jgrapht.util.DoublyLinkedListTest" time="0"/>
  <testcase name="testAddNodeFirst_nodeInOtherList_IllegalArgumentException[List with size 7]" classname="org.jgrapht.util.DoublyLinkedListTest" time="0"/>
  <testcase name="testInvert[List with size 7]" classname="org.jgrapht.util.DoublyLinkedListTest" time="0"/>
  <testcase name="testAddElementBeforeNode_sucessorInNoList_IllegalStateException[List with size 7]" classname="org.jgrapht.util.DoublyLinkedListTest" time="0.001"/>
  <testcase name="testListIterator_iterateBeforeHead[List with size 7]" classname="org.jgrapht.util.DoublyLinkedListTest" time="0"/>
  <testcase name="testListIteratorSet_replaceElementInTheMiddle_listWithReplacedElement[List with size 7]" classname="org.jgrapht.util.DoublyLinkedListTest" time="0"/>
  <testcase name="testListIteratorRemove_clearListFromTheMiddle_emptyList[List with size 7]" classname="org.jgrapht.util.DoublyLinkedListTest" time="0"/>
  <testcase name="testContainsNode_nodeInList_true[List with size 7]" classname="org.jgrapht.util.DoublyLinkedListTest" time="0"/>
  <testcase name="testAddNodeFirst_nodeOfThisList_IllegalArgumentException[List with size 7]" classname="org.jgrapht.util.DoublyLinkedListTest" time="0"/>
  <testcase name="testIsEmpty[List with size 7]" classname="org.jgrapht.util.DoublyLinkedListTest" time="0"/>
  <testcase name="testAddNodeFirst_freeNode_nodeAddedToList[List with size 7]" classname="org.jgrapht.util.DoublyLinkedListTest" time="0"/>
  <testcase name="testRemove[List with size 7]" classname="org.jgrapht.util.DoublyLinkedListTest" time="0"/>
  <testcase name="testAddElementBeforeNode_sucessorInOtherList_IllegalStateException[List with size 7]" classname="org.jgrapht.util.DoublyLinkedListTest" time="0"/>
  <testcase name="testAddNodeLast_nodeOfThisList_IllegalArgumentException[List with size 7]" classname="org.jgrapht.util.DoublyLinkedListTest" time="0"/>
  <testcase name="testListIteratorAdd_addElementsAtFront_listWithAdditionalElements[List with size 7]" classname="org.jgrapht.util.DoublyLinkedListTest" time="0"/>
  <testcase name="testIterator[List with size 7]" classname="org.jgrapht.util.DoublyLinkedListTest" time="0"/>
  <testcase name="testListIteratorNextPrevious_forwardBackwardPattern_correctElements[List with size 7]" classname="org.jgrapht.util.DoublyLinkedListTest" time="0"/>
  <testcase name="testRemoveNode_removeAllNodesInListFromEnd_emptyList[List with size 7]" classname="org.jgrapht.util.DoublyLinkedListTest" time="0"/>
  <testcase name="testListIteratorAdd_addElementsAtEnd_listWithAdditionalElements[List with size 7]" classname="org.jgrapht.util.DoublyLinkedListTest" time="0"/>
  <testcase name="testAddElementFirst_nonNullValue_valueAdded[List with size 7]" classname="org.jgrapht.util.DoublyLinkedListTest" time="0"/>
  <testcase name="testElement[List with size 8]" classname="org.jgrapht.util.DoublyLinkedListTest" time="0"/>
  <testcase name="testAddNode_nodeInOtherList_IllegalArgumentException[List with size 8]" classname="org.jgrapht.util.DoublyLinkedListTest" time="0"/>
  <testcase name="testIndexOfNode_nodeInOtherList_minusOne[List with size 8]" classname="org.jgrapht.util.DoublyLinkedListTest" time="0"/>
  <testcase name="testListIteratorRemove_clearListFromTheEnd_emptyList[List with size 8]" classname="org.jgrapht.util.DoublyLinkedListTest" time="0"/>
  <testcase name="testListIteratorSet_setTwice_listWithReplacedElement[List with size 8]" classname="org.jgrapht.util.DoublyLinkedListTest" time="0"/>
  <testcase name="testAddNodeBefore_nodeInOtherListBeforeNodeOfList_IllegalArgumentException[List with size 8]" classname="org.jgrapht.util.DoublyLinkedListTest" time="0"/>
  <testcase name="testIndexOfNode_nodeInList_indexOfNode[List with size 8]" classname="org.jgrapht.util.DoublyLinkedListTest" time="0"/>
  <testcase name="testAddElementBeforeNode_sucessorInList_ElementAdded[List with size 8]" classname="org.jgrapht.util.DoublyLinkedListTest" time="0"/>
  <testcase name="testAddNode_freeNode_nodeAddedToList[List with size 8]" classname="org.jgrapht.util.DoublyLinkedListTest" time="0"/>
  <testcase name="testAddInt_inTheMiddle[List with size 8]" classname="org.jgrapht.util.DoublyLinkedListTest" time="0"/>
  <testcase name="testPeekFirst[List with size 8]" classname="org.jgrapht.util.DoublyLinkedListTest" time="0"/>
  <testcase name="testOfferLast[List with size 8]" classname="org.jgrapht.util.DoublyLinkedListTest" time="0"/>
  <testcase name="testGetFirst[List with size 8]" classname="org.jgrapht.util.DoublyLinkedListTest" time="0"/>
  <testcase name="testRemoveNode_nodeNotInList_listUnchanged[List with size 8]" classname="org.jgrapht.util.DoublyLinkedListTest" time="0"/>
  <testcase name="testAddNodeLast_freeNode_nodeAddedToList[List with size 8]" classname="org.jgrapht.util.DoublyLinkedListTest" time="0"/>
  <testcase name="testAddLast[List with size 8]" classname="org.jgrapht.util.DoublyLinkedListTest" time="0"/>
  <testcase name="testListIteratorSet_setAfterAdd_IllegalstateException[List with size 8]" classname="org.jgrapht.util.DoublyLinkedListTest" time="0"/>
  <testcase name="testNodeOf_elementNotInList_null[List with size 8]" classname="org.jgrapht.util.DoublyLinkedListTest" time="0"/>
  <testcase name="testPop[List with size 8]" classname="org.jgrapht.util.DoublyLinkedListTest" time="0"/>
  <testcase name="testListIterator_concurrentAdd_ConcurrentModificationException[List with size 8]" classname="org.jgrapht.util.DoublyLinkedListTest" time="0"/>
  <testcase name="testAddInt_atIndexSize[List with size 8]" classname="org.jgrapht.util.DoublyLinkedListTest" time="0"/>
  <testcase name="testClear[List with size 8]" classname="org.jgrapht.util.DoublyLinkedListTest" time="0"/>
  <testcase name="testAddNodeLast_nodeInOtherList_IllegalArgumentException[List with size 8]" classname="org.jgrapht.util.DoublyLinkedListTest" time="0"/>
  <testcase name="testOffer[List with size 8]" classname="org.jgrapht.util.DoublyLinkedListTest" time="0"/>
  <testcase name="testPeek[List with size 8]" classname="org.jgrapht.util.DoublyLinkedListTest" time="0"/>
  <testcase name="testPoll[List with size 8]" classname="org.jgrapht.util.DoublyLinkedListTest" time="0"/>
  <testcase name="testPush[List with size 8]" classname="org.jgrapht.util.DoublyLinkedListTest" time="0"/>
  <testcase name="testSize[List with size 8]" classname="org.jgrapht.util.DoublyLinkedListTest" time="0"/>
  <testcase name="testIndexOfNode_nodeInNoList_minusOne[List with size 8]" classname="org.jgrapht.util.DoublyLinkedListTest" time="0"/>
  <testcase name="testGetNode_indexSize_IndexOutOfBoundsException[List with size 8]" classname="org.jgrapht.util.DoublyLinkedListTest" time="0"/>
  <testcase name="testContainsNode_nodeInOtherList_false[List with size 8]" classname="org.jgrapht.util.DoublyLinkedListTest" time="0"/>
  <testcase name="testRemoveFirst[List with size 8]" classname="org.jgrapht.util.DoublyLinkedListTest" time="0"/>
  <testcase name="testAddNode_nodeOfThisList_IllegalArgumentException[List with size 8]" classname="org.jgrapht.util.DoublyLinkedListTest" time="0"/>
  <testcase name="testListIteratorE[List with size 8]" classname="org.jgrapht.util.DoublyLinkedListTest" time="0"/>
  <testcase name="testRemoveNode_removeAllNodesInListFromFront_emptyList[List with size 8]" classname="org.jgrapht.util.DoublyLinkedListTest" time="0"/>
  <testcase name="testPrepend[List with size 8]" classname="org.jgrapht.util.DoublyLinkedListTest" time="0"/>
  <testcase name="testListIteratorInt_indexInTheMiddle_iteratorAtCorrectIndex[List with size 8]" classname="org.jgrapht.util.DoublyLinkedListTest" time="0"/>
  <testcase name="testOfferFirst[List with size 8]" classname="org.jgrapht.util.DoublyLinkedListTest" time="0"/>
  <testcase name="testCircularIterator[List with size 8]" classname="org.jgrapht.util.DoublyLinkedListTest" time="0"/>
  <testcase name="testDescendingIterator[List with size 8]" classname="org.jgrapht.util.DoublyLinkedListTest" time="0"/>
  <testcase name="testAddFirst[List with size 8]" classname="org.jgrapht.util.DoublyLinkedListTest" time="0"/>
  <testcase name="testListIterator_iterateBehindTail[List with size 8]" classname="org.jgrapht.util.DoublyLinkedListTest" time="0"/>
  <testcase name="testAddNodeBefore_freeNodeBeforeFreeNode_IllegalArgumentException[List with size 8]" classname="org.jgrapht.util.DoublyLinkedListTest" time="0"/>
  <testcase name="testAddElementFirst_nullValue_valueAdded[List with size 8]" classname="org.jgrapht.util.DoublyLinkedListTest" time="0"/>
  <testcase name="testGetLast[List with size 8]" classname="org.jgrapht.util.DoublyLinkedListTest" time="0"/>
  <testcase name="testGetNode[List with size 8]" classname="org.jgrapht.util.DoublyLinkedListTest" time="0"/>
  <testcase name="testAddNodeBefore_freeNodeBeforeNodeInList_nodeAddedToList[List with size 8]" classname="org.jgrapht.util.DoublyLinkedListTest" time="0"/>
  <testcase name="testRemoveInt_atIndex0[List with size 8]" classname="org.jgrapht.util.DoublyLinkedListTest" time="0"/>
  <testcase name="testRemoveInt_inTheMiddle[List with size 8]" classname="org.jgrapht.util.DoublyLinkedListTest" time="0"/>
  <testcase name="testListIteratorNext_iterateForwardTroughCompleteList_ListNodesInOrder[List with size 8]" classname="org.jgrapht.util.DoublyLinkedListTest" time="0"/>
  <testcase name="testReverseCircularIterator[List with size 8]" classname="org.jgrapht.util.DoublyLinkedListTest" time="0.001"/>
  <testcase name="testListIteratorSet_replaceElementAtFront_listWithReplacedElement[List with size 8]" classname="org.jgrapht.util.DoublyLinkedListTest" time="0"/>
  <testcase name="testListIteratorPrevious_iterateBackwardTroughCompleteList_ListNodesInOrder[List with size 8]" classname="org.jgrapht.util.DoublyLinkedListTest" time="0"/>
  <testcase name="testListIteratorRemove_clearListFromTheFront_emptyList[List with size 8]" classname="org.jgrapht.util.DoublyLinkedListTest" time="0"/>
  <testcase name="testGetLastNode[List with size 8]" classname="org.jgrapht.util.DoublyLinkedListTest" time="0"/>
  <testcase name="testListIteratorSet_replaceElementInAtEnd_listWithReplacedElement[List with size 8]" classname="org.jgrapht.util.DoublyLinkedListTest" time="0"/>
  <testcase name="testListIteratorRemove_notMovedListIterator_IllegalStateException[List with size 8]" classname="org.jgrapht.util.DoublyLinkedListTest" time="0"/>
  <testcase name="testRemoveInt_atIndexSizeMinusOne[List with size 8]" classname="org.jgrapht.util.DoublyLinkedListTest" time="0"/>
  <testcase name="testListIteratorSet_setElementWithSubsequentRemove_listWithReplacedElement[List with size 8]" classname="org.jgrapht.util.DoublyLinkedListTest" time="0"/>
  <testcase name="testAddElementLast[List with size 8]" classname="org.jgrapht.util.DoublyLinkedListTest" time="0"/>
  <testcase name="testAddNodeBefore_nodeInThisListBeforeNodeOfList_IllegalArgumentException[List with size 8]" classname="org.jgrapht.util.DoublyLinkedListTest" time="0"/>
  <testcase name="testContainsNode_nodeInNoList_false[List with size 8]" classname="org.jgrapht.util.DoublyLinkedListTest" time="0"/>
  <testcase name="testRemoveNode_nodeInList_nodeRemoved[List with size 8]" classname="org.jgrapht.util.DoublyLinkedListTest" time="0"/>
  <testcase name="testAddNodeBefore_freeNodeBeforeNodeInOtherList_IllegalArgumentException[List with size 8]" classname="org.jgrapht.util.DoublyLinkedListTest" time="0"/>
  <testcase name="testRemoveLast[List with size 8]" classname="org.jgrapht.util.DoublyLinkedListTest" time="0"/>
  <testcase name="testListIteratorSet_setAfterRemove_IllegalstateException[List with size 8]" classname="org.jgrapht.util.DoublyLinkedListTest" time="0"/>
  <testcase name="testPollFirst[List with size 8]" classname="org.jgrapht.util.DoublyLinkedListTest" time="0"/>
  <testcase name="testListIteratorSet_NotMovedListIterator_IllegalstateException[List with size 8]" classname="org.jgrapht.util.DoublyLinkedListTest" time="0"/>
  <testcase name="testAddInt_atIndex0[List with size 8]" classname="org.jgrapht.util.DoublyLinkedListTest" time="0"/>
  <testcase name="testMoveFrom[List with size 8]" classname="org.jgrapht.util.DoublyLinkedListTest" time="0"/>
  <testcase name="testRemoveNode_removeAllNodesInListFromMiddle_emptyList[List with size 8]" classname="org.jgrapht.util.DoublyLinkedListTest" time="0"/>
  <testcase name="testListIteratorAdd_addElementBeforeEnd_listWithAdditionalElements[List with size 8]" classname="org.jgrapht.util.DoublyLinkedListTest" time="0"/>
  <testcase name="testGetNode_indexNegative_IndexOutOfBoundsException[List with size 8]" classname="org.jgrapht.util.DoublyLinkedListTest" time="0"/>
  <testcase name="testPeekLast[List with size 8]" classname="org.jgrapht.util.DoublyLinkedListTest" time="0"/>
  <testcase name="testListIteratorRemove_removeTwiceAfterNext_IllegalStateException[List with size 8]" classname="org.jgrapht.util.DoublyLinkedListTest" time="0"/>
  <testcase name="testRemoveFirstOccurrence[List with size 8]" classname="org.jgrapht.util.DoublyLinkedListTest" time="0"/>
  <testcase name="testNodeOf_elementInList_nodeOfElement[List with size 8]" classname="org.jgrapht.util.DoublyLinkedListTest" time="0"/>
  <testcase name="testListIterator_concurrentRemove_ConcurrentModificationException[List with size 8]" classname="org.jgrapht.util.DoublyLinkedListTest" time="0"/>
  <testcase name="testRemoveLastOccurrence[List with size 8]" classname="org.jgrapht.util.DoublyLinkedListTest" time="0"/>
  <testcase name="testListIteratorRemove_removeAfterAdd_IllegalStateException[List with size 8]" classname="org.jgrapht.util.DoublyLinkedListTest" time="0"/>
  <testcase name="testLastNodeOf[List with size 8]" classname="org.jgrapht.util.DoublyLinkedListTest" time="0"/>
  <testcase name="testListIteratorAdd_addElementsInTheMiddle_listWithAdditionalElements[List with size 8]" classname="org.jgrapht.util.DoublyLinkedListTest" time="0"/>
  <testcase name="testGetFirstNode[List with size 8]" classname="org.jgrapht.util.DoublyLinkedListTest" time="0"/>
  <testcase name="testAppend[List with size 8]" classname="org.jgrapht.util.DoublyLinkedListTest" time="0"/>
  <testcase name="testPollLast[List with size 8]" classname="org.jgrapht.util.DoublyLinkedListTest" time="0"/>
  <testcase name="testGetInt[List with size 8]" classname="org.jgrapht.util.DoublyLinkedListTest" time="0"/>
  <testcase name="testAddNodeFirst_nodeInOtherList_IllegalArgumentException[List with size 8]" classname="org.jgrapht.util.DoublyLinkedListTest" time="0"/>
  <testcase name="testInvert[List with size 8]" classname="org.jgrapht.util.DoublyLinkedListTest" time="0"/>
  <testcase name="testAddElementBeforeNode_sucessorInNoList_IllegalStateException[List with size 8]" classname="org.jgrapht.util.DoublyLinkedListTest" time="0"/>
  <testcase name="testListIterator_iterateBeforeHead[List with size 8]" classname="org.jgrapht.util.DoublyLinkedListTest" time="0"/>
  <testcase name="testListIteratorSet_replaceElementInTheMiddle_listWithReplacedElement[List with size 8]" classname="org.jgrapht.util.DoublyLinkedListTest" time="0"/>
  <testcase name="testListIteratorRemove_clearListFromTheMiddle_emptyList[List with size 8]" classname="org.jgrapht.util.DoublyLinkedListTest" time="0"/>
  <testcase name="testContainsNode_nodeInList_true[List with size 8]" classname="org.jgrapht.util.DoublyLinkedListTest" time="0"/>
  <testcase name="testAddNodeFirst_nodeOfThisList_IllegalArgumentException[List with size 8]" classname="org.jgrapht.util.DoublyLinkedListTest" time="0"/>
  <testcase name="testIsEmpty[List with size 8]" classname="org.jgrapht.util.DoublyLinkedListTest" time="0"/>
  <testcase name="testAddNodeFirst_freeNode_nodeAddedToList[List with size 8]" classname="org.jgrapht.util.DoublyLinkedListTest" time="0"/>
  <testcase name="testRemove[List with size 8]" classname="org.jgrapht.util.DoublyLinkedListTest" time="0"/>
  <testcase name="testAddElementBeforeNode_sucessorInOtherList_IllegalStateException[List with size 8]" classname="org.jgrapht.util.DoublyLinkedListTest" time="0"/>
  <testcase name="testAddNodeLast_nodeOfThisList_IllegalArgumentException[List with size 8]" classname="org.jgrapht.util.DoublyLinkedListTest" time="0"/>
  <testcase name="testListIteratorAdd_addElementsAtFront_listWithAdditionalElements[List with size 8]" classname="org.jgrapht.util.DoublyLinkedListTest" time="0"/>
  <testcase name="testIterator[List with size 8]" classname="org.jgrapht.util.DoublyLinkedListTest" time="0"/>
  <testcase name="testListIteratorNextPrevious_forwardBackwardPattern_correctElements[List with size 8]" classname="org.jgrapht.util.DoublyLinkedListTest" time="0"/>
  <testcase name="testRemoveNode_removeAllNodesInListFromEnd_emptyList[List with size 8]" classname="org.jgrapht.util.DoublyLinkedListTest" time="0"/>
  <testcase name="testListIteratorAdd_addElementsAtEnd_listWithAdditionalElements[List with size 8]" classname="org.jgrapht.util.DoublyLinkedListTest" time="0"/>
  <testcase name="testAddElementFirst_nonNullValue_valueAdded[List with size 8]" classname="org.jgrapht.util.DoublyLinkedListTest" time="0"/>
</testsuite>