<?xml version="1.0" encoding="UTF-8"?>
<testsuite xmlns:xsi="http://www.w3.org/2001/XMLSchema-instance" xsi:noNamespaceSchemaLocation="https://maven.apache.org/surefire/maven-surefire-plugin/xsd/surefire-test-report-3.0.xsd" version="3.0" name="org.jgrapht.alg.cycle.HierholzerEulerianCycleTest" time="1.126" tests="36" errors="0" skipped="0" failures="0">
  <properties>
[...]
</properties>
  <testcase name="testUndirectedEulerian1" classname="org.jgrapht.alg.cycle.HierholzerEulerianCycleTest" time="0"/>
  <testcase name="testUndirectedEulerian2" classname="org.jgrapht.alg.cycle.HierholzerEulerianCycleTest" time="0"/>
  <testcase name="testUndirectedEulerian3" classname="org.jgrapht.alg.cycle.HierholzerEulerianCycleTest" time="0"/>
  <testcase name="testUndirectedEulerian4" classname="org.jgrapht.alg.cycle.HierholzerEulerianCycleTest" time="0"/>
  <testcase name="testUndirectedEulerian5" classname="org.jgrapht.alg.cycle.HierholzerEulerianCycleTest" time="0"/>
  <testcase name="testUndirectedEulerian6" classname="org.jgrapht.alg.cycle.HierholzerEulerianCycleTest" time="0"/>
  <testcase name="testUndirectedEulerian7" classname="org.jgrapht.alg.cycle.HierholzerEulerianCycleTest" time="0"/>
  <testcase name="testEmptyEulerian" classname="org.jgrapht.alg.cycle.HierholzerEulerianCycleTest" time="0"/>
  <testcase name="testEulerianCycleDirected1" classname="org.jgrapht.alg.cycle.HierholzerEulerianCycleTest" time="0"/>
  <testcase name="testEulerianCycleDirected2" classname="org.jgrapht.alg.cycle.HierholzerEulerianCycleTest" time="0"/>
  <testcase name="testEulerianCycleDirected3" classname="org.jgrapht.alg.cycle.HierholzerEulerianCycleTest" time="0"/>
  <testcase name="testEulerianCycleDirected4" classname="org.jgrapht.alg.cycle.HierholzerEulerianCycleTest" time="0"/>
  <testcase name="testEulerianCycleDirected5" classname="org.jgrapht.alg.cycle.HierholzerEulerianCycleTest" time="0"/>
  <testcase name="testEmptyWithSingleVertexUndirected" classname="org.jgrapht.alg.cycle.HierholzerEulerianCycleTest" time="0"/>
  <testcase name="testEulerianCycleUndirectedVertexList" classname="org.jgrapht.alg.cycle.HierholzerEulerianCycleTest" time="0"/>
  <testcase name="testUndirectedDisconnectedNonEulerian" classname="org.jgrapht.alg.cycle.HierholzerEulerianCycleTest" time="0"/>
  <testcase name="testDirectedEulerian1" classname="org.jgrapht.alg.cycle.HierholzerEulerianCycleTest" time="0"/>
  <testcase name="testDirectedEulerian2" classname="org.jgrapht.alg.cycle.HierholzerEulerianCycleTest" time="0"/>
  <testcase name="testDirectedEulerian3" classname="org.jgrapht.alg.cycle.HierholzerEulerianCycleTest" time="0"/>
  <testcase name="testEulerianCycleDirected" classname="org.jgrapht.alg.cycle.HierholzerEulerianCycleTest" time="0.446"/>
  <testcase name="testRandomUndirected" classname="org.jgrapht.alg.cycle.HierholzerEulerianCycleTest" time="0.157"/>
  <testcase name="testRandomUndirectedFixedSeed" classname="org.jgrapht.alg.cycle.HierholzerEulerianCycleTest" time="0.098"/>
  <testcase name="testEmptyMultipleVerticesDirected" classname="org.jgrapht.alg.cycle.HierholzerEulerianCycleTest" time="0.001"/>
  <testcase name="testDirectedDisconnectedEulerian" classname="org.jgrapht.alg.cycle.HierholzerEulerianCycleTest" time="0"/>
  <testcase name="testNullEulerian" classname="org.jgrapht.alg.cycle.HierholzerEulerianCycleTest" time="0"/>
  <testcase name="testPseudograph" classname="org.jgrapht.alg.cycle.HierholzerEulerianCycleTest" time="0"/>
  <testcase name="testUndirectedDisconnectedEulerian" classname="org.jgrapht.alg.cycle.HierholzerEulerianCycleTest" time="0"/>
  <testcase name="testRandomDirected" classname="org.jgrapht.alg.cycle.HierholzerEulerianCycleTest" time="0.184"/>
  <testcase name="testDirectedDisconnectedNonEulerian" classname="org.jgrapht.alg.cycle.HierholzerEulerianCycleTest" time="0.001"/>
  <testcase name="testEmptyMultipleVerticesUndirected" classname="org.jgrapht.alg.cycle.HierholzerEulerianCycleTest" time="0"/>
  <testcase name="testEulerianCycleUndirected1" classname="org.jgrapht.alg.cycle.HierholzerEulerianCycleTest" time="0"/>
  <testcase name="testEulerianCycleUndirected2" classname="org.jgrapht.alg.cycle.HierholzerEulerianCycleTest" time="0"/>
  <testcase name="testEulerianCycleUndirected3" classname="org.jgrapht.alg.cycle.HierholzerEulerianCycleTest" time="0.078"/>
  <testcase name="testEulerianCycleUndirected4" classname="org.jgrapht.alg.cycle.HierholzerEulerianCycleTest" time="0"/>
  <testcase name="testRandomDirectedFixedSeed" classname="org.jgrapht.alg.cycle.HierholzerEulerianCycleTest" time="0.16"/>
  <testcase name="testEmptyWithSingleVertexDirected" classname="org.jgrapht.alg.cycle.HierholzerEulerianCycleTest" time="0"/>
</testsuite>